{"$message_type":"diagnostic","message":"custom attribute panicked","code":null,"level":"error","spans":[{"file_name":"programs/psol-privacy-v2/src/lib.rs","byte_start":8612,"byte_end":8622,"line_start":164,"line_end":164,"column_start":1,"column_end":11,"is_primary":true,"text":[{"text":"#[program]","highlight_start":1,"highlight_end":11}],"label":null,"suggested_replacement":null,"suggestion_applicability":null,"expansion":null}],"children":[{"message":"message: Safety checks failed: Failed to get program path","code":null,"level":"help","spans":[],"children":[],"rendered":null}],"rendered":"\u001b[0m\u001b[1m\u001b[38;5;9merror\u001b[0m\u001b[0m\u001b[1m: custom attribute panicked\u001b[0m\n\u001b[0m   \u001b[0m\u001b[0m\u001b[1m\u001b[38;5;12m--> \u001b[0m\u001b[0mprograms/psol-privacy-v2/src/lib.rs:164:1\u001b[0m\n\u001b[0m    \u001b[0m\u001b[0m\u001b[1m\u001b[38;5;12m|\u001b[0m\n\u001b[0m\u001b[1m\u001b[38;5;12m164\u001b[0m\u001b[0m \u001b[0m\u001b[0m\u001b[1m\u001b[38;5;12m|\u001b[0m\u001b[0m \u001b[0m\u001b[0m#[program]\u001b[0m\n\u001b[0m    \u001b[0m\u001b[0m\u001b[1m\u001b[38;5;12m|\u001b[0m\u001b[0m \u001b[0m\u001b[0m\u001b[1m\u001b[38;5;9m^^^^^^^^^^\u001b[0m\n\u001b[0m    \u001b[0m\u001b[0m\u001b[1m\u001b[38;5;12m|\u001b[0m\n\u001b[0m    \u001b[0m\u001b[0m\u001b[1m\u001b[38;5;12m= \u001b[0m\u001b[0m\u001b[1mhelp\u001b[0m\u001b[0m: message: Safety checks failed: Failed to get program path\u001b[0m\n\n"}
{"$message_type":"diagnostic","message":"unexpected `cfg` condition value: `mainnet`","code":{"code":"unexpected_cfgs","explanation":null},"level":"warning","spans":[{"file_name":"programs/psol-privacy-v2/src/events.rs","byte_start":1174,"byte_end":1193,"line_start":30,"line_end":30,"column_start":36,"column_end":55,"is_primary":true,"text":[{"text":"#[cfg(all(feature = \"event-debug\", feature = \"mainnet\"))]","highlight_start":36,"highlight_end":55}],"label":null,"suggested_replacement":null,"suggestion_applicability":null,"expansion":null}],"children":[{"message":"expected values for `feature` are: `cpi`, `default`, `event-debug`, `idl-build`, `no-entrypoint`, `no-idl`, and `no-log-ix-name`","code":null,"level":"note","spans":[],"children":[],"rendered":null},{"message":"consider adding `mainnet` as a feature in `Cargo.toml`","code":null,"level":"help","spans":[],"children":[],"rendered":null},{"message":"see <https://doc.rust-lang.org/nightly/rustc/check-cfg/cargo-specifics.html> for more information about checking conditional configuration","code":null,"level":"note","spans":[],"children":[],"rendered":null},{"message":"`#[warn(unexpected_cfgs)]` on by default","code":null,"level":"note","spans":[],"children":[],"rendered":null}],"rendered":"\u001b[0m\u001b[1m\u001b[33mwarning\u001b[0m\u001b[0m\u001b[1m: unexpected `cfg` condition value: `mainnet`\u001b[0m\n\u001b[0m  \u001b[0m\u001b[0m\u001b[1m\u001b[38;5;12m--> \u001b[0m\u001b[0mprograms/psol-privacy-v2/src/events.rs:30:36\u001b[0m\n\u001b[0m   \u001b[0m\u001b[0m\u001b[1m\u001b[38;5;12m|\u001b[0m\n\u001b[0m\u001b[1m\u001b[38;5;12m30\u001b[0m\u001b[0m \u001b[0m\u001b[0m\u001b[1m\u001b[38;5;12m|\u001b[0m\u001b[0m \u001b[0m\u001b[0m#[cfg(all(feature = \"event-debug\", feature = \"mainnet\"))]\u001b[0m\n\u001b[0m   \u001b[0m\u001b[0m\u001b[1m\u001b[38;5;12m|\u001b[0m\u001b[0m                                    \u001b[0m\u001b[0m\u001b[1m\u001b[33m^^^^^^^^^^^^^^^^^^^\u001b[0m\n\u001b[0m   \u001b[0m\u001b[0m\u001b[1m\u001b[38;5;12m|\u001b[0m\n\u001b[0m   \u001b[0m\u001b[0m\u001b[1m\u001b[38;5;12m= \u001b[0m\u001b[0m\u001b[1mnote\u001b[0m\u001b[0m: expected values for `feature` are: `cpi`, `default`, `event-debug`, `idl-build`, `no-entrypoint`, `no-idl`, and `no-log-ix-name`\u001b[0m\n\u001b[0m   \u001b[0m\u001b[0m\u001b[1m\u001b[38;5;12m= \u001b[0m\u001b[0m\u001b[1mhelp\u001b[0m\u001b[0m: consider adding `mainnet` as a feature in `Cargo.toml`\u001b[0m\n\u001b[0m   \u001b[0m\u001b[0m\u001b[1m\u001b[38;5;12m= \u001b[0m\u001b[0m\u001b[1mnote\u001b[0m\u001b[0m: see <https://doc.rust-lang.org/nightly/rustc/check-cfg/cargo-specifics.html> for more information about checking conditional configuration\u001b[0m\n\u001b[0m   \u001b[0m\u001b[0m\u001b[1m\u001b[38;5;12m= \u001b[0m\u001b[0m\u001b[1mnote\u001b[0m\u001b[0m: `#[warn(unexpected_cfgs)]` on by default\u001b[0m\n\n"}
{"$message_type":"diagnostic","message":"unused import: `instructions::*`","code":{"code":"unused_imports","explanation":null},"level":"warning","spans":[{"file_name":"programs/psol-privacy-v2/src/lib.rs","byte_start":4091,"byte_end":4106,"line_start":75,"line_end":75,"column_start":5,"column_end":20,"is_primary":true,"text":[{"text":"use instructions::*;","highlight_start":5,"highlight_end":20}],"label":null,"suggested_replacement":null,"suggestion_applicability":null,"expansion":null}],"children":[{"message":"`#[warn(unused_imports)]` on by default","code":null,"level":"note","spans":[],"children":[],"rendered":null},{"message":"remove the whole `use` item","code":null,"level":"help","spans":[{"file_name":"programs/psol-privacy-v2/src/lib.rs","byte_start":4087,"byte_end":4108,"line_start":75,"line_end":76,"column_start":1,"column_end":1,"is_primary":true,"text":[{"text":"use instructions::*;","highlight_start":1,"highlight_end":21},{"text":"","highlight_start":1,"highlight_end":1}],"label":null,"suggested_replacement":"","suggestion_applicability":"MachineApplicable","expansion":null}],"children":[],"rendered":null}],"rendered":"\u001b[0m\u001b[1m\u001b[33mwarning\u001b[0m\u001b[0m\u001b[1m: unused import: `instructions::*`\u001b[0m\n\u001b[0m  \u001b[0m\u001b[0m\u001b[1m\u001b[38;5;12m--> \u001b[0m\u001b[0mprograms/psol-privacy-v2/src/lib.rs:75:5\u001b[0m\n\u001b[0m   \u001b[0m\u001b[0m\u001b[1m\u001b[38;5;12m|\u001b[0m\n\u001b[0m\u001b[1m\u001b[38;5;12m75\u001b[0m\u001b[0m \u001b[0m\u001b[0m\u001b[1m\u001b[38;5;12m|\u001b[0m\u001b[0m \u001b[0m\u001b[0muse instructions::*;\u001b[0m\n\u001b[0m   \u001b[0m\u001b[0m\u001b[1m\u001b[38;5;12m|\u001b[0m\u001b[0m     \u001b[0m\u001b[0m\u001b[1m\u001b[33m^^^^^^^^^^^^^^^\u001b[0m\n\u001b[0m   \u001b[0m\u001b[0m\u001b[1m\u001b[38;5;12m|\u001b[0m\n\u001b[0m   \u001b[0m\u001b[0m\u001b[1m\u001b[38;5;12m= \u001b[0m\u001b[0m\u001b[1mnote\u001b[0m\u001b[0m: `#[warn(unused_imports)]` on by default\u001b[0m\n\n"}
{"$message_type":"diagnostic","message":"no function or associated item named `get_full_path` found for array `[u8; 64]` in the current scope","code":{"code":"E0599","explanation":"This error occurs when a method is used on a type which doesn't implement it:\n\nErroneous code example:\n\n```compile_fail,E0599\nstruct Mouth;\n\nlet x = Mouth;\nx.chocolate(); // error: no method named `chocolate` found for type `Mouth`\n               //        in the current scope\n```\n\nIn this case, you need to implement the `chocolate` method to fix the error:\n\n```\nstruct Mouth;\n\nimpl Mouth {\n    fn chocolate(&self) { // We implement the `chocolate` method here.\n        println!(\"Hmmm! I love chocolate!\");\n    }\n}\n\nlet x = Mouth;\nx.chocolate(); // ok!\n```\n"},"level":"error","spans":[{"file_name":"programs/psol-privacy-v2/src/crypto/groth16_verifier.rs","byte_start":2245,"byte_end":2260,"line_start":66,"line_end":66,"column_start":10,"column_end":25,"is_primary":true,"text":[{"text":"#[derive(AnchorSerialize, AnchorDeserialize, Clone, Debug)]","highlight_start":10,"highlight_end":25}],"label":"function or associated item not found in `[u8; 64]`","suggested_replacement":null,"suggestion_applicability":null,"expansion":{"span":{"file_name":"programs/psol-privacy-v2/src/crypto/groth16_verifier.rs","byte_start":2245,"byte_end":2260,"line_start":66,"line_end":66,"column_start":10,"column_end":25,"is_primary":false,"text":[{"text":"#[derive(AnchorSerialize, AnchorDeserialize, Clone, Debug)]","highlight_start":10,"highlight_end":25}],"label":null,"suggested_replacement":null,"suggestion_applicability":null,"expansion":null},"macro_decl_name":"#[derive(AnchorSerialize)]","def_site_span":{"file_name":"/usr/local/cargo/registry/src/index.crates.io-6f17d22bba15001f/anchor-derive-serde-0.30.1/src/lib.rs","byte_start":804,"byte_end":862,"line_start":27,"line_end":27,"column_start":1,"column_end":59,"is_primary":false,"text":[{"text":"pub fn anchor_serialize(input: TokenStream) -> TokenStream {","highlight_start":1,"highlight_end":59}],"label":null,"suggested_replacement":null,"suggestion_applicability":null,"expansion":null}}}],"children":[],"rendered":"\u001b[0m\u001b[1m\u001b[38;5;9merror[E0599]\u001b[0m\u001b[0m\u001b[1m: no function or associated item named `get_full_path` found for array `[u8; 64]` in the current scope\u001b[0m\n\u001b[0m  \u001b[0m\u001b[0m\u001b[1m\u001b[38;5;12m--> \u001b[0m\u001b[0mprograms/psol-privacy-v2/src/crypto/groth16_verifier.rs:66:10\u001b[0m\n\u001b[0m   \u001b[0m\u001b[0m\u001b[1m\u001b[38;5;12m|\u001b[0m\n\u001b[0m\u001b[1m\u001b[38;5;12m66\u001b[0m\u001b[0m \u001b[0m\u001b[0m\u001b[1m\u001b[38;5;12m|\u001b[0m\u001b[0m \u001b[0m\u001b[0m#[derive(AnchorSerialize, AnchorDeserialize, Clone, Debug)]\u001b[0m\n\u001b[0m   \u001b[0m\u001b[0m\u001b[1m\u001b[38;5;12m|\u001b[0m\u001b[0m          \u001b[0m\u001b[0m\u001b[1m\u001b[38;5;9m^^^^^^^^^^^^^^^\u001b[0m\u001b[0m \u001b[0m\u001b[0m\u001b[1m\u001b[38;5;9mfunction or associated item not found in `[u8; 64]`\u001b[0m\n\u001b[0m   \u001b[0m\u001b[0m\u001b[1m\u001b[38;5;12m|\u001b[0m\n\u001b[0m   \u001b[0m\u001b[0m\u001b[1m\u001b[38;5;12m= \u001b[0m\u001b[0m\u001b[1mnote\u001b[0m\u001b[0m: this error originates in the derive macro `AnchorSerialize` (in Nightly builds, run with -Z macro-backtrace for more info)\u001b[0m\n\n"}
{"$message_type":"diagnostic","message":"no function or associated item named `get_full_path` found for array `[u8; 128]` in the current scope","code":{"code":"E0599","explanation":"This error occurs when a method is used on a type which doesn't implement it:\n\nErroneous code example:\n\n```compile_fail,E0599\nstruct Mouth;\n\nlet x = Mouth;\nx.chocolate(); // error: no method named `chocolate` found for type `Mouth`\n               //        in the current scope\n```\n\nIn this case, you need to implement the `chocolate` method to fix the error:\n\n```\nstruct Mouth;\n\nimpl Mouth {\n    fn chocolate(&self) { // We implement the `chocolate` method here.\n        println!(\"Hmmm! I love chocolate!\");\n    }\n}\n\nlet x = Mouth;\nx.chocolate(); // ok!\n```\n"},"level":"error","spans":[{"file_name":"programs/psol-privacy-v2/src/crypto/groth16_verifier.rs","byte_start":2245,"byte_end":2260,"line_start":66,"line_end":66,"column_start":10,"column_end":25,"is_primary":true,"text":[{"text":"#[derive(AnchorSerialize, AnchorDeserialize, Clone, Debug)]","highlight_start":10,"highlight_end":25}],"label":"function or associated item not found in `[u8; 128]`","suggested_replacement":null,"suggestion_applicability":null,"expansion":{"span":{"file_name":"programs/psol-privacy-v2/src/crypto/groth16_verifier.rs","byte_start":2245,"byte_end":2260,"line_start":66,"line_end":66,"column_start":10,"column_end":25,"is_primary":false,"text":[{"text":"#[derive(AnchorSerialize, AnchorDeserialize, Clone, Debug)]","highlight_start":10,"highlight_end":25}],"label":null,"suggested_replacement":null,"suggestion_applicability":null,"expansion":null},"macro_decl_name":"#[derive(AnchorSerialize)]","def_site_span":{"file_name":"/usr/local/cargo/registry/src/index.crates.io-6f17d22bba15001f/anchor-derive-serde-0.30.1/src/lib.rs","byte_start":804,"byte_end":862,"line_start":27,"line_end":27,"column_start":1,"column_end":59,"is_primary":false,"text":[{"text":"pub fn anchor_serialize(input: TokenStream) -> TokenStream {","highlight_start":1,"highlight_end":59}],"label":null,"suggested_replacement":null,"suggestion_applicability":null,"expansion":null}}}],"children":[],"rendered":"\u001b[0m\u001b[1m\u001b[38;5;9merror[E0599]\u001b[0m\u001b[0m\u001b[1m: no function or associated item named `get_full_path` found for array `[u8; 128]` in the current scope\u001b[0m\n\u001b[0m  \u001b[0m\u001b[0m\u001b[1m\u001b[38;5;12m--> \u001b[0m\u001b[0mprograms/psol-privacy-v2/src/crypto/groth16_verifier.rs:66:10\u001b[0m\n\u001b[0m   \u001b[0m\u001b[0m\u001b[1m\u001b[38;5;12m|\u001b[0m\n\u001b[0m\u001b[1m\u001b[38;5;12m66\u001b[0m\u001b[0m \u001b[0m\u001b[0m\u001b[1m\u001b[38;5;12m|\u001b[0m\u001b[0m \u001b[0m\u001b[0m#[derive(AnchorSerialize, AnchorDeserialize, Clone, Debug)]\u001b[0m\n\u001b[0m   \u001b[0m\u001b[0m\u001b[1m\u001b[38;5;12m|\u001b[0m\u001b[0m          \u001b[0m\u001b[0m\u001b[1m\u001b[38;5;9m^^^^^^^^^^^^^^^\u001b[0m\u001b[0m \u001b[0m\u001b[0m\u001b[1m\u001b[38;5;9mfunction or associated item not found in `[u8; 128]`\u001b[0m\n\u001b[0m   \u001b[0m\u001b[0m\u001b[1m\u001b[38;5;12m|\u001b[0m\n\u001b[0m   \u001b[0m\u001b[0m\u001b[1m\u001b[38;5;12m= \u001b[0m\u001b[0m\u001b[1mnote\u001b[0m\u001b[0m: this error originates in the derive macro `AnchorSerialize` (in Nightly builds, run with -Z macro-backtrace for more info)\u001b[0m\n\n"}
{"$message_type":"diagnostic","message":"no function or associated item named `create_type` found for array `[u8; 64]` in the current scope","code":{"code":"E0599","explanation":"This error occurs when a method is used on a type which doesn't implement it:\n\nErroneous code example:\n\n```compile_fail,E0599\nstruct Mouth;\n\nlet x = Mouth;\nx.chocolate(); // error: no method named `chocolate` found for type `Mouth`\n               //        in the current scope\n```\n\nIn this case, you need to implement the `chocolate` method to fix the error:\n\n```\nstruct Mouth;\n\nimpl Mouth {\n    fn chocolate(&self) { // We implement the `chocolate` method here.\n        println!(\"Hmmm! I love chocolate!\");\n    }\n}\n\nlet x = Mouth;\nx.chocolate(); // ok!\n```\n"},"level":"error","spans":[{"file_name":"programs/psol-privacy-v2/src/crypto/groth16_verifier.rs","byte_start":2245,"byte_end":2260,"line_start":66,"line_end":66,"column_start":10,"column_end":25,"is_primary":true,"text":[{"text":"#[derive(AnchorSerialize, AnchorDeserialize, Clone, Debug)]","highlight_start":10,"highlight_end":25}],"label":"function or associated item not found in `[u8; 64]`","suggested_replacement":null,"suggestion_applicability":null,"expansion":{"span":{"file_name":"programs/psol-privacy-v2/src/crypto/groth16_verifier.rs","byte_start":2245,"byte_end":2260,"line_start":66,"line_end":66,"column_start":10,"column_end":25,"is_primary":false,"text":[{"text":"#[derive(AnchorSerialize, AnchorDeserialize, Clone, Debug)]","highlight_start":10,"highlight_end":25}],"label":null,"suggested_replacement":null,"suggestion_applicability":null,"expansion":null},"macro_decl_name":"#[derive(AnchorSerialize)]","def_site_span":{"file_name":"/usr/local/cargo/registry/src/index.crates.io-6f17d22bba15001f/anchor-derive-serde-0.30.1/src/lib.rs","byte_start":804,"byte_end":862,"line_start":27,"line_end":27,"column_start":1,"column_end":59,"is_primary":false,"text":[{"text":"pub fn anchor_serialize(input: TokenStream) -> TokenStream {","highlight_start":1,"highlight_end":59}],"label":null,"suggested_replacement":null,"suggestion_applicability":null,"expansion":null}}}],"children":[],"rendered":"\u001b[0m\u001b[1m\u001b[38;5;9merror[E0599]\u001b[0m\u001b[0m\u001b[1m: no function or associated item named `create_type` found for array `[u8; 64]` in the current scope\u001b[0m\n\u001b[0m  \u001b[0m\u001b[0m\u001b[1m\u001b[38;5;12m--> \u001b[0m\u001b[0mprograms/psol-privacy-v2/src/crypto/groth16_verifier.rs:66:10\u001b[0m\n\u001b[0m   \u001b[0m\u001b[0m\u001b[1m\u001b[38;5;12m|\u001b[0m\n\u001b[0m\u001b[1m\u001b[38;5;12m66\u001b[0m\u001b[0m \u001b[0m\u001b[0m\u001b[1m\u001b[38;5;12m|\u001b[0m\u001b[0m \u001b[0m\u001b[0m#[derive(AnchorSerialize, AnchorDeserialize, Clone, Debug)]\u001b[0m\n\u001b[0m   \u001b[0m\u001b[0m\u001b[1m\u001b[38;5;12m|\u001b[0m\u001b[0m          \u001b[0m\u001b[0m\u001b[1m\u001b[38;5;9m^^^^^^^^^^^^^^^\u001b[0m\u001b[0m \u001b[0m\u001b[0m\u001b[1m\u001b[38;5;9mfunction or associated item not found in `[u8; 64]`\u001b[0m\n\u001b[0m   \u001b[0m\u001b[0m\u001b[1m\u001b[38;5;12m|\u001b[0m\n\u001b[0m   \u001b[0m\u001b[0m\u001b[1m\u001b[38;5;12m= \u001b[0m\u001b[0m\u001b[1mnote\u001b[0m\u001b[0m: this error originates in the derive macro `AnchorSerialize` (in Nightly builds, run with -Z macro-backtrace for more info)\u001b[0m\n\n"}
{"$message_type":"diagnostic","message":"no function or associated item named `get_full_path` found for array `[u8; 64]` in the current scope","code":{"code":"E0599","explanation":"This error occurs when a method is used on a type which doesn't implement it:\n\nErroneous code example:\n\n```compile_fail,E0599\nstruct Mouth;\n\nlet x = Mouth;\nx.chocolate(); // error: no method named `chocolate` found for type `Mouth`\n               //        in the current scope\n```\n\nIn this case, you need to implement the `chocolate` method to fix the error:\n\n```\nstruct Mouth;\n\nimpl Mouth {\n    fn chocolate(&self) { // We implement the `chocolate` method here.\n        println!(\"Hmmm! I love chocolate!\");\n    }\n}\n\nlet x = Mouth;\nx.chocolate(); // ok!\n```\n"},"level":"error","spans":[{"file_name":"programs/psol-privacy-v2/src/crypto/groth16_verifier.rs","byte_start":2245,"byte_end":2260,"line_start":66,"line_end":66,"column_start":10,"column_end":25,"is_primary":true,"text":[{"text":"#[derive(AnchorSerialize, AnchorDeserialize, Clone, Debug)]","highlight_start":10,"highlight_end":25}],"label":"function or associated item not found in `[u8; 64]`","suggested_replacement":null,"suggestion_applicability":null,"expansion":{"span":{"file_name":"programs/psol-privacy-v2/src/crypto/groth16_verifier.rs","byte_start":2245,"byte_end":2260,"line_start":66,"line_end":66,"column_start":10,"column_end":25,"is_primary":false,"text":[{"text":"#[derive(AnchorSerialize, AnchorDeserialize, Clone, Debug)]","highlight_start":10,"highlight_end":25}],"label":null,"suggested_replacement":null,"suggestion_applicability":null,"expansion":null},"macro_decl_name":"#[derive(AnchorSerialize)]","def_site_span":{"file_name":"/usr/local/cargo/registry/src/index.crates.io-6f17d22bba15001f/anchor-derive-serde-0.30.1/src/lib.rs","byte_start":804,"byte_end":862,"line_start":27,"line_end":27,"column_start":1,"column_end":59,"is_primary":false,"text":[{"text":"pub fn anchor_serialize(input: TokenStream) -> TokenStream {","highlight_start":1,"highlight_end":59}],"label":null,"suggested_replacement":null,"suggestion_applicability":null,"expansion":null}}}],"children":[],"rendered":"\u001b[0m\u001b[1m\u001b[38;5;9merror[E0599]\u001b[0m\u001b[0m\u001b[1m: no function or associated item named `get_full_path` found for array `[u8; 64]` in the current scope\u001b[0m\n\u001b[0m  \u001b[0m\u001b[0m\u001b[1m\u001b[38;5;12m--> \u001b[0m\u001b[0mprograms/psol-privacy-v2/src/crypto/groth16_verifier.rs:66:10\u001b[0m\n\u001b[0m   \u001b[0m\u001b[0m\u001b[1m\u001b[38;5;12m|\u001b[0m\n\u001b[0m\u001b[1m\u001b[38;5;12m66\u001b[0m\u001b[0m \u001b[0m\u001b[0m\u001b[1m\u001b[38;5;12m|\u001b[0m\u001b[0m \u001b[0m\u001b[0m#[derive(AnchorSerialize, AnchorDeserialize, Clone, Debug)]\u001b[0m\n\u001b[0m   \u001b[0m\u001b[0m\u001b[1m\u001b[38;5;12m|\u001b[0m\u001b[0m          \u001b[0m\u001b[0m\u001b[1m\u001b[38;5;9m^^^^^^^^^^^^^^^\u001b[0m\u001b[0m \u001b[0m\u001b[0m\u001b[1m\u001b[38;5;9mfunction or associated item not found in `[u8; 64]`\u001b[0m\n\u001b[0m   \u001b[0m\u001b[0m\u001b[1m\u001b[38;5;12m|\u001b[0m\n\u001b[0m   \u001b[0m\u001b[0m\u001b[1m\u001b[38;5;12m= \u001b[0m\u001b[0m\u001b[1mnote\u001b[0m\u001b[0m: this error originates in the derive macro `AnchorSerialize` (in Nightly builds, run with -Z macro-backtrace for more info)\u001b[0m\n\n"}
{"$message_type":"diagnostic","message":"no function or associated item named `insert_types` found for array `[u8; 64]` in the current scope","code":{"code":"E0599","explanation":"This error occurs when a method is used on a type which doesn't implement it:\n\nErroneous code example:\n\n```compile_fail,E0599\nstruct Mouth;\n\nlet x = Mouth;\nx.chocolate(); // error: no method named `chocolate` found for type `Mouth`\n               //        in the current scope\n```\n\nIn this case, you need to implement the `chocolate` method to fix the error:\n\n```\nstruct Mouth;\n\nimpl Mouth {\n    fn chocolate(&self) { // We implement the `chocolate` method here.\n        println!(\"Hmmm! I love chocolate!\");\n    }\n}\n\nlet x = Mouth;\nx.chocolate(); // ok!\n```\n"},"level":"error","spans":[{"file_name":"programs/psol-privacy-v2/src/crypto/groth16_verifier.rs","byte_start":2245,"byte_end":2260,"line_start":66,"line_end":66,"column_start":10,"column_end":25,"is_primary":true,"text":[{"text":"#[derive(AnchorSerialize, AnchorDeserialize, Clone, Debug)]","highlight_start":10,"highlight_end":25}],"label":"function or associated item not found in `[u8; 64]`","suggested_replacement":null,"suggestion_applicability":null,"expansion":{"span":{"file_name":"programs/psol-privacy-v2/src/crypto/groth16_verifier.rs","byte_start":2245,"byte_end":2260,"line_start":66,"line_end":66,"column_start":10,"column_end":25,"is_primary":false,"text":[{"text":"#[derive(AnchorSerialize, AnchorDeserialize, Clone, Debug)]","highlight_start":10,"highlight_end":25}],"label":null,"suggested_replacement":null,"suggestion_applicability":null,"expansion":null},"macro_decl_name":"#[derive(AnchorSerialize)]","def_site_span":{"file_name":"/usr/local/cargo/registry/src/index.crates.io-6f17d22bba15001f/anchor-derive-serde-0.30.1/src/lib.rs","byte_start":804,"byte_end":862,"line_start":27,"line_end":27,"column_start":1,"column_end":59,"is_primary":false,"text":[{"text":"pub fn anchor_serialize(input: TokenStream) -> TokenStream {","highlight_start":1,"highlight_end":59}],"label":null,"suggested_replacement":null,"suggestion_applicability":null,"expansion":null}}}],"children":[],"rendered":"\u001b[0m\u001b[1m\u001b[38;5;9merror[E0599]\u001b[0m\u001b[0m\u001b[1m: no function or associated item named `insert_types` found for array `[u8; 64]` in the current scope\u001b[0m\n\u001b[0m  \u001b[0m\u001b[0m\u001b[1m\u001b[38;5;12m--> \u001b[0m\u001b[0mprograms/psol-privacy-v2/src/crypto/groth16_verifier.rs:66:10\u001b[0m\n\u001b[0m   \u001b[0m\u001b[0m\u001b[1m\u001b[38;5;12m|\u001b[0m\n\u001b[0m\u001b[1m\u001b[38;5;12m66\u001b[0m\u001b[0m \u001b[0m\u001b[0m\u001b[1m\u001b[38;5;12m|\u001b[0m\u001b[0m \u001b[0m\u001b[0m#[derive(AnchorSerialize, AnchorDeserialize, Clone, Debug)]\u001b[0m\n\u001b[0m   \u001b[0m\u001b[0m\u001b[1m\u001b[38;5;12m|\u001b[0m\u001b[0m          \u001b[0m\u001b[0m\u001b[1m\u001b[38;5;9m^^^^^^^^^^^^^^^\u001b[0m\u001b[0m \u001b[0m\u001b[0m\u001b[1m\u001b[38;5;9mfunction or associated item not found in `[u8; 64]`\u001b[0m\n\u001b[0m   \u001b[0m\u001b[0m\u001b[1m\u001b[38;5;12m|\u001b[0m\n\u001b[0m   \u001b[0m\u001b[0m\u001b[1m\u001b[38;5;12m= \u001b[0m\u001b[0m\u001b[1mnote\u001b[0m\u001b[0m: this error originates in the derive macro `AnchorSerialize` (in Nightly builds, run with -Z macro-backtrace for more info)\u001b[0m\n\n"}
{"$message_type":"diagnostic","message":"no function or associated item named `create_type` found for array `[u8; 128]` in the current scope","code":{"code":"E0599","explanation":"This error occurs when a method is used on a type which doesn't implement it:\n\nErroneous code example:\n\n```compile_fail,E0599\nstruct Mouth;\n\nlet x = Mouth;\nx.chocolate(); // error: no method named `chocolate` found for type `Mouth`\n               //        in the current scope\n```\n\nIn this case, you need to implement the `chocolate` method to fix the error:\n\n```\nstruct Mouth;\n\nimpl Mouth {\n    fn chocolate(&self) { // We implement the `chocolate` method here.\n        println!(\"Hmmm! I love chocolate!\");\n    }\n}\n\nlet x = Mouth;\nx.chocolate(); // ok!\n```\n"},"level":"error","spans":[{"file_name":"programs/psol-privacy-v2/src/crypto/groth16_verifier.rs","byte_start":2245,"byte_end":2260,"line_start":66,"line_end":66,"column_start":10,"column_end":25,"is_primary":true,"text":[{"text":"#[derive(AnchorSerialize, AnchorDeserialize, Clone, Debug)]","highlight_start":10,"highlight_end":25}],"label":"function or associated item not found in `[u8; 128]`","suggested_replacement":null,"suggestion_applicability":null,"expansion":{"span":{"file_name":"programs/psol-privacy-v2/src/crypto/groth16_verifier.rs","byte_start":2245,"byte_end":2260,"line_start":66,"line_end":66,"column_start":10,"column_end":25,"is_primary":false,"text":[{"text":"#[derive(AnchorSerialize, AnchorDeserialize, Clone, Debug)]","highlight_start":10,"highlight_end":25}],"label":null,"suggested_replacement":null,"suggestion_applicability":null,"expansion":null},"macro_decl_name":"#[derive(AnchorSerialize)]","def_site_span":{"file_name":"/usr/local/cargo/registry/src/index.crates.io-6f17d22bba15001f/anchor-derive-serde-0.30.1/src/lib.rs","byte_start":804,"byte_end":862,"line_start":27,"line_end":27,"column_start":1,"column_end":59,"is_primary":false,"text":[{"text":"pub fn anchor_serialize(input: TokenStream) -> TokenStream {","highlight_start":1,"highlight_end":59}],"label":null,"suggested_replacement":null,"suggestion_applicability":null,"expansion":null}}}],"children":[],"rendered":"\u001b[0m\u001b[1m\u001b[38;5;9merror[E0599]\u001b[0m\u001b[0m\u001b[1m: no function or associated item named `create_type` found for array `[u8; 128]` in the current scope\u001b[0m\n\u001b[0m  \u001b[0m\u001b[0m\u001b[1m\u001b[38;5;12m--> \u001b[0m\u001b[0mprograms/psol-privacy-v2/src/crypto/groth16_verifier.rs:66:10\u001b[0m\n\u001b[0m   \u001b[0m\u001b[0m\u001b[1m\u001b[38;5;12m|\u001b[0m\n\u001b[0m\u001b[1m\u001b[38;5;12m66\u001b[0m\u001b[0m \u001b[0m\u001b[0m\u001b[1m\u001b[38;5;12m|\u001b[0m\u001b[0m \u001b[0m\u001b[0m#[derive(AnchorSerialize, AnchorDeserialize, Clone, Debug)]\u001b[0m\n\u001b[0m   \u001b[0m\u001b[0m\u001b[1m\u001b[38;5;12m|\u001b[0m\u001b[0m          \u001b[0m\u001b[0m\u001b[1m\u001b[38;5;9m^^^^^^^^^^^^^^^\u001b[0m\u001b[0m \u001b[0m\u001b[0m\u001b[1m\u001b[38;5;9mfunction or associated item not found in `[u8; 128]`\u001b[0m\n\u001b[0m   \u001b[0m\u001b[0m\u001b[1m\u001b[38;5;12m|\u001b[0m\n\u001b[0m   \u001b[0m\u001b[0m\u001b[1m\u001b[38;5;12m= \u001b[0m\u001b[0m\u001b[1mnote\u001b[0m\u001b[0m: this error originates in the derive macro `AnchorSerialize` (in Nightly builds, run with -Z macro-backtrace for more info)\u001b[0m\n\n"}
{"$message_type":"diagnostic","message":"no function or associated item named `get_full_path` found for array `[u8; 128]` in the current scope","code":{"code":"E0599","explanation":"This error occurs when a method is used on a type which doesn't implement it:\n\nErroneous code example:\n\n```compile_fail,E0599\nstruct Mouth;\n\nlet x = Mouth;\nx.chocolate(); // error: no method named `chocolate` found for type `Mouth`\n               //        in the current scope\n```\n\nIn this case, you need to implement the `chocolate` method to fix the error:\n\n```\nstruct Mouth;\n\nimpl Mouth {\n    fn chocolate(&self) { // We implement the `chocolate` method here.\n        println!(\"Hmmm! I love chocolate!\");\n    }\n}\n\nlet x = Mouth;\nx.chocolate(); // ok!\n```\n"},"level":"error","spans":[{"file_name":"programs/psol-privacy-v2/src/crypto/groth16_verifier.rs","byte_start":2245,"byte_end":2260,"line_start":66,"line_end":66,"column_start":10,"column_end":25,"is_primary":true,"text":[{"text":"#[derive(AnchorSerialize, AnchorDeserialize, Clone, Debug)]","highlight_start":10,"highlight_end":25}],"label":"function or associated item not found in `[u8; 128]`","suggested_replacement":null,"suggestion_applicability":null,"expansion":{"span":{"file_name":"programs/psol-privacy-v2/src/crypto/groth16_verifier.rs","byte_start":2245,"byte_end":2260,"line_start":66,"line_end":66,"column_start":10,"column_end":25,"is_primary":false,"text":[{"text":"#[derive(AnchorSerialize, AnchorDeserialize, Clone, Debug)]","highlight_start":10,"highlight_end":25}],"label":null,"suggested_replacement":null,"suggestion_applicability":null,"expansion":null},"macro_decl_name":"#[derive(AnchorSerialize)]","def_site_span":{"file_name":"/usr/local/cargo/registry/src/index.crates.io-6f17d22bba15001f/anchor-derive-serde-0.30.1/src/lib.rs","byte_start":804,"byte_end":862,"line_start":27,"line_end":27,"column_start":1,"column_end":59,"is_primary":false,"text":[{"text":"pub fn anchor_serialize(input: TokenStream) -> TokenStream {","highlight_start":1,"highlight_end":59}],"label":null,"suggested_replacement":null,"suggestion_applicability":null,"expansion":null}}}],"children":[],"rendered":"\u001b[0m\u001b[1m\u001b[38;5;9merror[E0599]\u001b[0m\u001b[0m\u001b[1m: no function or associated item named `get_full_path` found for array `[u8; 128]` in the current scope\u001b[0m\n\u001b[0m  \u001b[0m\u001b[0m\u001b[1m\u001b[38;5;12m--> \u001b[0m\u001b[0mprograms/psol-privacy-v2/src/crypto/groth16_verifier.rs:66:10\u001b[0m\n\u001b[0m   \u001b[0m\u001b[0m\u001b[1m\u001b[38;5;12m|\u001b[0m\n\u001b[0m\u001b[1m\u001b[38;5;12m66\u001b[0m\u001b[0m \u001b[0m\u001b[0m\u001b[1m\u001b[38;5;12m|\u001b[0m\u001b[0m \u001b[0m\u001b[0m#[derive(AnchorSerialize, AnchorDeserialize, Clone, Debug)]\u001b[0m\n\u001b[0m   \u001b[0m\u001b[0m\u001b[1m\u001b[38;5;12m|\u001b[0m\u001b[0m          \u001b[0m\u001b[0m\u001b[1m\u001b[38;5;9m^^^^^^^^^^^^^^^\u001b[0m\u001b[0m \u001b[0m\u001b[0m\u001b[1m\u001b[38;5;9mfunction or associated item not found in `[u8; 128]`\u001b[0m\n\u001b[0m   \u001b[0m\u001b[0m\u001b[1m\u001b[38;5;12m|\u001b[0m\n\u001b[0m   \u001b[0m\u001b[0m\u001b[1m\u001b[38;5;12m= \u001b[0m\u001b[0m\u001b[1mnote\u001b[0m\u001b[0m: this error originates in the derive macro `AnchorSerialize` (in Nightly builds, run with -Z macro-backtrace for more info)\u001b[0m\n\n"}
{"$message_type":"diagnostic","message":"no function or associated item named `insert_types` found for array `[u8; 128]` in the current scope","code":{"code":"E0599","explanation":"This error occurs when a method is used on a type which doesn't implement it:\n\nErroneous code example:\n\n```compile_fail,E0599\nstruct Mouth;\n\nlet x = Mouth;\nx.chocolate(); // error: no method named `chocolate` found for type `Mouth`\n               //        in the current scope\n```\n\nIn this case, you need to implement the `chocolate` method to fix the error:\n\n```\nstruct Mouth;\n\nimpl Mouth {\n    fn chocolate(&self) { // We implement the `chocolate` method here.\n        println!(\"Hmmm! I love chocolate!\");\n    }\n}\n\nlet x = Mouth;\nx.chocolate(); // ok!\n```\n"},"level":"error","spans":[{"file_name":"programs/psol-privacy-v2/src/crypto/groth16_verifier.rs","byte_start":2245,"byte_end":2260,"line_start":66,"line_end":66,"column_start":10,"column_end":25,"is_primary":true,"text":[{"text":"#[derive(AnchorSerialize, AnchorDeserialize, Clone, Debug)]","highlight_start":10,"highlight_end":25}],"label":"function or associated item not found in `[u8; 128]`","suggested_replacement":null,"suggestion_applicability":null,"expansion":{"span":{"file_name":"programs/psol-privacy-v2/src/crypto/groth16_verifier.rs","byte_start":2245,"byte_end":2260,"line_start":66,"line_end":66,"column_start":10,"column_end":25,"is_primary":false,"text":[{"text":"#[derive(AnchorSerialize, AnchorDeserialize, Clone, Debug)]","highlight_start":10,"highlight_end":25}],"label":null,"suggested_replacement":null,"suggestion_applicability":null,"expansion":null},"macro_decl_name":"#[derive(AnchorSerialize)]","def_site_span":{"file_name":"/usr/local/cargo/registry/src/index.crates.io-6f17d22bba15001f/anchor-derive-serde-0.30.1/src/lib.rs","byte_start":804,"byte_end":862,"line_start":27,"line_end":27,"column_start":1,"column_end":59,"is_primary":false,"text":[{"text":"pub fn anchor_serialize(input: TokenStream) -> TokenStream {","highlight_start":1,"highlight_end":59}],"label":null,"suggested_replacement":null,"suggestion_applicability":null,"expansion":null}}}],"children":[],"rendered":"\u001b[0m\u001b[1m\u001b[38;5;9merror[E0599]\u001b[0m\u001b[0m\u001b[1m: no function or associated item named `insert_types` found for array `[u8; 128]` in the current scope\u001b[0m\n\u001b[0m  \u001b[0m\u001b[0m\u001b[1m\u001b[38;5;12m--> \u001b[0m\u001b[0mprograms/psol-privacy-v2/src/crypto/groth16_verifier.rs:66:10\u001b[0m\n\u001b[0m   \u001b[0m\u001b[0m\u001b[1m\u001b[38;5;12m|\u001b[0m\n\u001b[0m\u001b[1m\u001b[38;5;12m66\u001b[0m\u001b[0m \u001b[0m\u001b[0m\u001b[1m\u001b[38;5;12m|\u001b[0m\u001b[0m \u001b[0m\u001b[0m#[derive(AnchorSerialize, AnchorDeserialize, Clone, Debug)]\u001b[0m\n\u001b[0m   \u001b[0m\u001b[0m\u001b[1m\u001b[38;5;12m|\u001b[0m\u001b[0m          \u001b[0m\u001b[0m\u001b[1m\u001b[38;5;9m^^^^^^^^^^^^^^^\u001b[0m\u001b[0m \u001b[0m\u001b[0m\u001b[1m\u001b[38;5;9mfunction or associated item not found in `[u8; 128]`\u001b[0m\n\u001b[0m   \u001b[0m\u001b[0m\u001b[1m\u001b[38;5;12m|\u001b[0m\n\u001b[0m   \u001b[0m\u001b[0m\u001b[1m\u001b[38;5;12m= \u001b[0m\u001b[0m\u001b[1mnote\u001b[0m\u001b[0m: this error originates in the derive macro `AnchorSerialize` (in Nightly builds, run with -Z macro-backtrace for more info)\u001b[0m\n\n"}
{"$message_type":"diagnostic","message":"no function or associated item named `create_type` found for struct `anchor_spl::token::Mint` in the current scope","code":{"code":"E0599","explanation":"This error occurs when a method is used on a type which doesn't implement it:\n\nErroneous code example:\n\n```compile_fail,E0599\nstruct Mouth;\n\nlet x = Mouth;\nx.chocolate(); // error: no method named `chocolate` found for type `Mouth`\n               //        in the current scope\n```\n\nIn this case, you need to implement the `chocolate` method to fix the error:\n\n```\nstruct Mouth;\n\nimpl Mouth {\n    fn chocolate(&self) { // We implement the `chocolate` method here.\n        println!(\"Hmmm! I love chocolate!\");\n    }\n}\n\nlet x = Mouth;\nx.chocolate(); // ok!\n```\n"},"level":"error","spans":[{"file_name":"programs/psol-privacy-v2/src/instructions/register_asset.rs","byte_start":414,"byte_end":422,"line_start":14,"line_end":14,"column_start":10,"column_end":18,"is_primary":true,"text":[{"text":"#[derive(Accounts)]","highlight_start":10,"highlight_end":18}],"label":"function or associated item not found in `Mint`","suggested_replacement":null,"suggestion_applicability":null,"expansion":{"span":{"file_name":"programs/psol-privacy-v2/src/instructions/register_asset.rs","byte_start":414,"byte_end":422,"line_start":14,"line_end":14,"column_start":10,"column_end":18,"is_primary":false,"text":[{"text":"#[derive(Accounts)]","highlight_start":10,"highlight_end":18}],"label":null,"suggested_replacement":null,"suggestion_applicability":null,"expansion":null},"macro_decl_name":"#[derive(Accounts)]","def_site_span":{"file_name":"/usr/local/cargo/registry/src/index.crates.io-6f17d22bba15001f/anchor-derive-accounts-0.30.1/src/lib.rs","byte_start":29061,"byte_end":29117,"line_start":631,"line_end":631,"column_start":1,"column_end":57,"is_primary":false,"text":[{"text":"pub fn derive_accounts(item: TokenStream) -> TokenStream {","highlight_start":1,"highlight_end":57}],"label":null,"suggested_replacement":null,"suggestion_applicability":null,"expansion":null}}}],"children":[],"rendered":"\u001b[0m\u001b[1m\u001b[38;5;9merror[E0599]\u001b[0m\u001b[0m\u001b[1m: no function or associated item named `create_type` found for struct `anchor_spl::token::Mint` in the current scope\u001b[0m\n\u001b[0m  \u001b[0m\u001b[0m\u001b[1m\u001b[38;5;12m--> \u001b[0m\u001b[0mprograms/psol-privacy-v2/src/instructions/register_asset.rs:14:10\u001b[0m\n\u001b[0m   \u001b[0m\u001b[0m\u001b[1m\u001b[38;5;12m|\u001b[0m\n\u001b[0m\u001b[1m\u001b[38;5;12m14\u001b[0m\u001b[0m \u001b[0m\u001b[0m\u001b[1m\u001b[38;5;12m|\u001b[0m\u001b[0m \u001b[0m\u001b[0m#[derive(Accounts)]\u001b[0m\n\u001b[0m   \u001b[0m\u001b[0m\u001b[1m\u001b[38;5;12m|\u001b[0m\u001b[0m          \u001b[0m\u001b[0m\u001b[1m\u001b[38;5;9m^^^^^^^^\u001b[0m\u001b[0m \u001b[0m\u001b[0m\u001b[1m\u001b[38;5;9mfunction or associated item not found in `Mint`\u001b[0m\n\u001b[0m   \u001b[0m\u001b[0m\u001b[1m\u001b[38;5;12m|\u001b[0m\n\u001b[0m   \u001b[0m\u001b[0m\u001b[1m\u001b[38;5;12m= \u001b[0m\u001b[0m\u001b[1mnote\u001b[0m\u001b[0m: this error originates in the derive macro `Accounts` (in Nightly builds, run with -Z macro-backtrace for more info)\u001b[0m\n\n"}
{"$message_type":"diagnostic","message":"the trait bound `anchor_spl::token::Mint: Discriminator` is not satisfied","code":{"code":"E0277","explanation":"You tried to use a type which doesn't implement some trait in a place which\nexpected that trait.\n\nErroneous code example:\n\n```compile_fail,E0277\n// here we declare the Foo trait with a bar method\ntrait Foo {\n    fn bar(&self);\n}\n\n// we now declare a function which takes an object implementing the Foo trait\nfn some_func<T: Foo>(foo: T) {\n    foo.bar();\n}\n\nfn main() {\n    // we now call the method with the i32 type, which doesn't implement\n    // the Foo trait\n    some_func(5i32); // error: the trait bound `i32 : Foo` is not satisfied\n}\n```\n\nIn order to fix this error, verify that the type you're using does implement\nthe trait. Example:\n\n```\ntrait Foo {\n    fn bar(&self);\n}\n\n// we implement the trait on the i32 type\nimpl Foo for i32 {\n    fn bar(&self) {}\n}\n\nfn some_func<T: Foo>(foo: T) {\n    foo.bar(); // we can now use this method since i32 implements the\n               // Foo trait\n}\n\nfn main() {\n    some_func(5i32); // ok!\n}\n```\n\nOr in a generic context, an erroneous code example would look like:\n\n```compile_fail,E0277\nfn some_func<T>(foo: T) {\n    println!(\"{:?}\", foo); // error: the trait `core::fmt::Debug` is not\n                           //        implemented for the type `T`\n}\n\nfn main() {\n    // We now call the method with the i32 type,\n    // which *does* implement the Debug trait.\n    some_func(5i32);\n}\n```\n\nNote that the error here is in the definition of the generic function. Although\nwe only call it with a parameter that does implement `Debug`, the compiler\nstill rejects the function. It must work with all possible input types. In\norder to make this example compile, we need to restrict the generic type we're\naccepting:\n\n```\nuse std::fmt;\n\n// Restrict the input type to types that implement Debug.\nfn some_func<T: fmt::Debug>(foo: T) {\n    println!(\"{:?}\", foo);\n}\n\nfn main() {\n    // Calling the method is still fine, as i32 implements Debug.\n    some_func(5i32);\n\n    // This would fail to compile now:\n    // struct WithoutDebug;\n    // some_func(WithoutDebug);\n}\n```\n\nRust only looks at the signature of the called function, as such it must\nalready specify all requirements that will be used for every type parameter.\n"},"level":"error","spans":[{"file_name":"programs/psol-privacy-v2/src/instructions/register_asset.rs","byte_start":924,"byte_end":928,"line_start":30,"line_end":30,"column_start":30,"column_end":34,"is_primary":true,"text":[{"text":"    pub mint: Account<'info, Mint>,","highlight_start":30,"highlight_end":34}],"label":"the trait `Discriminator` is not implemented for `anchor_spl::token::Mint`","suggested_replacement":null,"suggestion_applicability":null,"expansion":null}],"children":[{"message":"the following other types implement trait `Discriminator`:\n  AssetConfigUpdated\n  AssetRegistered\n  AssetVault\n  AuditMetadata\n  AuditMetadataAttached\n  AuthorityTransferCancelledV2\n  AuthorityTransferCompletedV2\n  AuthorityTransferInitiatedV2\nand 24 others","code":null,"level":"help","spans":[],"children":[],"rendered":null}],"rendered":"\u001b[0m\u001b[1m\u001b[38;5;9merror[E0277]\u001b[0m\u001b[0m\u001b[1m: the trait bound `anchor_spl::token::Mint: Discriminator` is not satisfied\u001b[0m\n\u001b[0m  \u001b[0m\u001b[0m\u001b[1m\u001b[38;5;12m--> \u001b[0m\u001b[0mprograms/psol-privacy-v2/src/instructions/register_asset.rs:30:30\u001b[0m\n\u001b[0m   \u001b[0m\u001b[0m\u001b[1m\u001b[38;5;12m|\u001b[0m\n\u001b[0m\u001b[1m\u001b[38;5;12m30\u001b[0m\u001b[0m \u001b[0m\u001b[0m\u001b[1m\u001b[38;5;12m|\u001b[0m\u001b[0m \u001b[0m\u001b[0m    pub mint: Account<'info, Mint>,\u001b[0m\n\u001b[0m   \u001b[0m\u001b[0m\u001b[1m\u001b[38;5;12m|\u001b[0m\u001b[0m                              \u001b[0m\u001b[0m\u001b[1m\u001b[38;5;9m^^^^\u001b[0m\u001b[0m \u001b[0m\u001b[0m\u001b[1m\u001b[38;5;9mthe trait `Discriminator` is not implemented for `anchor_spl::token::Mint`\u001b[0m\n\u001b[0m   \u001b[0m\u001b[0m\u001b[1m\u001b[38;5;12m|\u001b[0m\n\u001b[0m   \u001b[0m\u001b[0m\u001b[1m\u001b[38;5;12m= \u001b[0m\u001b[0m\u001b[1mhelp\u001b[0m\u001b[0m: the following other types implement trait `Discriminator`:\u001b[0m\n\u001b[0m             AssetConfigUpdated\u001b[0m\n\u001b[0m             AssetRegistered\u001b[0m\n\u001b[0m             AssetVault\u001b[0m\n\u001b[0m             AuditMetadata\u001b[0m\n\u001b[0m             AuditMetadataAttached\u001b[0m\n\u001b[0m             AuthorityTransferCancelledV2\u001b[0m\n\u001b[0m             AuthorityTransferCompletedV2\u001b[0m\n\u001b[0m             AuthorityTransferInitiatedV2\u001b[0m\n\u001b[0m           and 24 others\u001b[0m\n\n"}
{"$message_type":"diagnostic","message":"no function or associated item named `insert_types` found for struct `anchor_spl::token::Mint` in the current scope","code":{"code":"E0599","explanation":"This error occurs when a method is used on a type which doesn't implement it:\n\nErroneous code example:\n\n```compile_fail,E0599\nstruct Mouth;\n\nlet x = Mouth;\nx.chocolate(); // error: no method named `chocolate` found for type `Mouth`\n               //        in the current scope\n```\n\nIn this case, you need to implement the `chocolate` method to fix the error:\n\n```\nstruct Mouth;\n\nimpl Mouth {\n    fn chocolate(&self) { // We implement the `chocolate` method here.\n        println!(\"Hmmm! I love chocolate!\");\n    }\n}\n\nlet x = Mouth;\nx.chocolate(); // ok!\n```\n"},"level":"error","spans":[{"file_name":"programs/psol-privacy-v2/src/instructions/register_asset.rs","byte_start":414,"byte_end":422,"line_start":14,"line_end":14,"column_start":10,"column_end":18,"is_primary":true,"text":[{"text":"#[derive(Accounts)]","highlight_start":10,"highlight_end":18}],"label":"function or associated item not found in `Mint`","suggested_replacement":null,"suggestion_applicability":null,"expansion":{"span":{"file_name":"programs/psol-privacy-v2/src/instructions/register_asset.rs","byte_start":414,"byte_end":422,"line_start":14,"line_end":14,"column_start":10,"column_end":18,"is_primary":false,"text":[{"text":"#[derive(Accounts)]","highlight_start":10,"highlight_end":18}],"label":null,"suggested_replacement":null,"suggestion_applicability":null,"expansion":null},"macro_decl_name":"#[derive(Accounts)]","def_site_span":{"file_name":"/usr/local/cargo/registry/src/index.crates.io-6f17d22bba15001f/anchor-derive-accounts-0.30.1/src/lib.rs","byte_start":29061,"byte_end":29117,"line_start":631,"line_end":631,"column_start":1,"column_end":57,"is_primary":false,"text":[{"text":"pub fn derive_accounts(item: TokenStream) -> TokenStream {","highlight_start":1,"highlight_end":57}],"label":null,"suggested_replacement":null,"suggestion_applicability":null,"expansion":null}}}],"children":[],"rendered":"\u001b[0m\u001b[1m\u001b[38;5;9merror[E0599]\u001b[0m\u001b[0m\u001b[1m: no function or associated item named `insert_types` found for struct `anchor_spl::token::Mint` in the current scope\u001b[0m\n\u001b[0m  \u001b[0m\u001b[0m\u001b[1m\u001b[38;5;12m--> \u001b[0m\u001b[0mprograms/psol-privacy-v2/src/instructions/register_asset.rs:14:10\u001b[0m\n\u001b[0m   \u001b[0m\u001b[0m\u001b[1m\u001b[38;5;12m|\u001b[0m\n\u001b[0m\u001b[1m\u001b[38;5;12m14\u001b[0m\u001b[0m \u001b[0m\u001b[0m\u001b[1m\u001b[38;5;12m|\u001b[0m\u001b[0m \u001b[0m\u001b[0m#[derive(Accounts)]\u001b[0m\n\u001b[0m   \u001b[0m\u001b[0m\u001b[1m\u001b[38;5;12m|\u001b[0m\u001b[0m          \u001b[0m\u001b[0m\u001b[1m\u001b[38;5;9m^^^^^^^^\u001b[0m\u001b[0m \u001b[0m\u001b[0m\u001b[1m\u001b[38;5;9mfunction or associated item not found in `Mint`\u001b[0m\n\u001b[0m   \u001b[0m\u001b[0m\u001b[1m\u001b[38;5;12m|\u001b[0m\n\u001b[0m   \u001b[0m\u001b[0m\u001b[1m\u001b[38;5;12m= \u001b[0m\u001b[0m\u001b[1mnote\u001b[0m\u001b[0m: this error originates in the derive macro `Accounts` (in Nightly builds, run with -Z macro-backtrace for more info)\u001b[0m\n\n"}
{"$message_type":"diagnostic","message":"no function or associated item named `create_type` found for struct `anchor_spl::token::TokenAccount` in the current scope","code":{"code":"E0599","explanation":"This error occurs when a method is used on a type which doesn't implement it:\n\nErroneous code example:\n\n```compile_fail,E0599\nstruct Mouth;\n\nlet x = Mouth;\nx.chocolate(); // error: no method named `chocolate` found for type `Mouth`\n               //        in the current scope\n```\n\nIn this case, you need to implement the `chocolate` method to fix the error:\n\n```\nstruct Mouth;\n\nimpl Mouth {\n    fn chocolate(&self) { // We implement the `chocolate` method here.\n        println!(\"Hmmm! I love chocolate!\");\n    }\n}\n\nlet x = Mouth;\nx.chocolate(); // ok!\n```\n"},"level":"error","spans":[{"file_name":"programs/psol-privacy-v2/src/instructions/register_asset.rs","byte_start":414,"byte_end":422,"line_start":14,"line_end":14,"column_start":10,"column_end":18,"is_primary":true,"text":[{"text":"#[derive(Accounts)]","highlight_start":10,"highlight_end":18}],"label":"function or associated item not found in `TokenAccount`","suggested_replacement":null,"suggestion_applicability":null,"expansion":{"span":{"file_name":"programs/psol-privacy-v2/src/instructions/register_asset.rs","byte_start":414,"byte_end":422,"line_start":14,"line_end":14,"column_start":10,"column_end":18,"is_primary":false,"text":[{"text":"#[derive(Accounts)]","highlight_start":10,"highlight_end":18}],"label":null,"suggested_replacement":null,"suggestion_applicability":null,"expansion":null},"macro_decl_name":"#[derive(Accounts)]","def_site_span":{"file_name":"/usr/local/cargo/registry/src/index.crates.io-6f17d22bba15001f/anchor-derive-accounts-0.30.1/src/lib.rs","byte_start":29061,"byte_end":29117,"line_start":631,"line_end":631,"column_start":1,"column_end":57,"is_primary":false,"text":[{"text":"pub fn derive_accounts(item: TokenStream) -> TokenStream {","highlight_start":1,"highlight_end":57}],"label":null,"suggested_replacement":null,"suggestion_applicability":null,"expansion":null}}}],"children":[],"rendered":"\u001b[0m\u001b[1m\u001b[38;5;9merror[E0599]\u001b[0m\u001b[0m\u001b[1m: no function or associated item named `create_type` found for struct `anchor_spl::token::TokenAccount` in the current scope\u001b[0m\n\u001b[0m  \u001b[0m\u001b[0m\u001b[1m\u001b[38;5;12m--> \u001b[0m\u001b[0mprograms/psol-privacy-v2/src/instructions/register_asset.rs:14:10\u001b[0m\n\u001b[0m   \u001b[0m\u001b[0m\u001b[1m\u001b[38;5;12m|\u001b[0m\n\u001b[0m\u001b[1m\u001b[38;5;12m14\u001b[0m\u001b[0m \u001b[0m\u001b[0m\u001b[1m\u001b[38;5;12m|\u001b[0m\u001b[0m \u001b[0m\u001b[0m#[derive(Accounts)]\u001b[0m\n\u001b[0m   \u001b[0m\u001b[0m\u001b[1m\u001b[38;5;12m|\u001b[0m\u001b[0m          \u001b[0m\u001b[0m\u001b[1m\u001b[38;5;9m^^^^^^^^\u001b[0m\u001b[0m \u001b[0m\u001b[0m\u001b[1m\u001b[38;5;9mfunction or associated item not found in `TokenAccount`\u001b[0m\n\u001b[0m   \u001b[0m\u001b[0m\u001b[1m\u001b[38;5;12m|\u001b[0m\n\u001b[0m   \u001b[0m\u001b[0m\u001b[1m\u001b[38;5;12m= \u001b[0m\u001b[0m\u001b[1mnote\u001b[0m\u001b[0m: this error originates in the derive macro `Accounts` (in Nightly builds, run with -Z macro-backtrace for more info)\u001b[0m\n\n"}
{"$message_type":"diagnostic","message":"the trait bound `anchor_spl::token::TokenAccount: Discriminator` is not satisfied","code":{"code":"E0277","explanation":"You tried to use a type which doesn't implement some trait in a place which\nexpected that trait.\n\nErroneous code example:\n\n```compile_fail,E0277\n// here we declare the Foo trait with a bar method\ntrait Foo {\n    fn bar(&self);\n}\n\n// we now declare a function which takes an object implementing the Foo trait\nfn some_func<T: Foo>(foo: T) {\n    foo.bar();\n}\n\nfn main() {\n    // we now call the method with the i32 type, which doesn't implement\n    // the Foo trait\n    some_func(5i32); // error: the trait bound `i32 : Foo` is not satisfied\n}\n```\n\nIn order to fix this error, verify that the type you're using does implement\nthe trait. Example:\n\n```\ntrait Foo {\n    fn bar(&self);\n}\n\n// we implement the trait on the i32 type\nimpl Foo for i32 {\n    fn bar(&self) {}\n}\n\nfn some_func<T: Foo>(foo: T) {\n    foo.bar(); // we can now use this method since i32 implements the\n               // Foo trait\n}\n\nfn main() {\n    some_func(5i32); // ok!\n}\n```\n\nOr in a generic context, an erroneous code example would look like:\n\n```compile_fail,E0277\nfn some_func<T>(foo: T) {\n    println!(\"{:?}\", foo); // error: the trait `core::fmt::Debug` is not\n                           //        implemented for the type `T`\n}\n\nfn main() {\n    // We now call the method with the i32 type,\n    // which *does* implement the Debug trait.\n    some_func(5i32);\n}\n```\n\nNote that the error here is in the definition of the generic function. Although\nwe only call it with a parameter that does implement `Debug`, the compiler\nstill rejects the function. It must work with all possible input types. In\norder to make this example compile, we need to restrict the generic type we're\naccepting:\n\n```\nuse std::fmt;\n\n// Restrict the input type to types that implement Debug.\nfn some_func<T: fmt::Debug>(foo: T) {\n    println!(\"{:?}\", foo);\n}\n\nfn main() {\n    // Calling the method is still fine, as i32 implements Debug.\n    some_func(5i32);\n\n    // This would fail to compile now:\n    // struct WithoutDebug;\n    // some_func(WithoutDebug);\n}\n```\n\nRust only looks at the signature of the called function, as such it must\nalready specify all requirements that will be used for every type parameter.\n"},"level":"error","spans":[{"file_name":"programs/psol-privacy-v2/src/instructions/register_asset.rs","byte_start":1601,"byte_end":1613,"line_start":58,"line_end":58,"column_start":45,"column_end":57,"is_primary":true,"text":[{"text":"    pub vault_token_account: Account<'info, TokenAccount>,","highlight_start":45,"highlight_end":57}],"label":"the trait `Discriminator` is not implemented for `anchor_spl::token::TokenAccount`","suggested_replacement":null,"suggestion_applicability":null,"expansion":null}],"children":[{"message":"the following other types implement trait `Discriminator`:\n  AssetConfigUpdated\n  AssetRegistered\n  AssetVault\n  AuditMetadata\n  AuditMetadataAttached\n  AuthorityTransferCancelledV2\n  AuthorityTransferCompletedV2\n  AuthorityTransferInitiatedV2\nand 24 others","code":null,"level":"help","spans":[],"children":[],"rendered":null}],"rendered":"\u001b[0m\u001b[1m\u001b[38;5;9merror[E0277]\u001b[0m\u001b[0m\u001b[1m: the trait bound `anchor_spl::token::TokenAccount: Discriminator` is not satisfied\u001b[0m\n\u001b[0m  \u001b[0m\u001b[0m\u001b[1m\u001b[38;5;12m--> \u001b[0m\u001b[0mprograms/psol-privacy-v2/src/instructions/register_asset.rs:58:45\u001b[0m\n\u001b[0m   \u001b[0m\u001b[0m\u001b[1m\u001b[38;5;12m|\u001b[0m\n\u001b[0m\u001b[1m\u001b[38;5;12m58\u001b[0m\u001b[0m \u001b[0m\u001b[0m\u001b[1m\u001b[38;5;12m|\u001b[0m\u001b[0m \u001b[0m\u001b[0m    pub vault_token_account: Account<'info, TokenAccount>,\u001b[0m\n\u001b[0m   \u001b[0m\u001b[0m\u001b[1m\u001b[38;5;12m|\u001b[0m\u001b[0m                                             \u001b[0m\u001b[0m\u001b[1m\u001b[38;5;9m^^^^^^^^^^^^\u001b[0m\u001b[0m \u001b[0m\u001b[0m\u001b[1m\u001b[38;5;9mthe trait `Discriminator` is not implemented for `anchor_spl::token::TokenAccount`\u001b[0m\n\u001b[0m   \u001b[0m\u001b[0m\u001b[1m\u001b[38;5;12m|\u001b[0m\n\u001b[0m   \u001b[0m\u001b[0m\u001b[1m\u001b[38;5;12m= \u001b[0m\u001b[0m\u001b[1mhelp\u001b[0m\u001b[0m: the following other types implement trait `Discriminator`:\u001b[0m\n\u001b[0m             AssetConfigUpdated\u001b[0m\n\u001b[0m             AssetRegistered\u001b[0m\n\u001b[0m             AssetVault\u001b[0m\n\u001b[0m             AuditMetadata\u001b[0m\n\u001b[0m             AuditMetadataAttached\u001b[0m\n\u001b[0m             AuthorityTransferCancelledV2\u001b[0m\n\u001b[0m             AuthorityTransferCompletedV2\u001b[0m\n\u001b[0m             AuthorityTransferInitiatedV2\u001b[0m\n\u001b[0m           and 24 others\u001b[0m\n\n"}
{"$message_type":"diagnostic","message":"no function or associated item named `insert_types` found for struct `anchor_spl::token::TokenAccount` in the current scope","code":{"code":"E0599","explanation":"This error occurs when a method is used on a type which doesn't implement it:\n\nErroneous code example:\n\n```compile_fail,E0599\nstruct Mouth;\n\nlet x = Mouth;\nx.chocolate(); // error: no method named `chocolate` found for type `Mouth`\n               //        in the current scope\n```\n\nIn this case, you need to implement the `chocolate` method to fix the error:\n\n```\nstruct Mouth;\n\nimpl Mouth {\n    fn chocolate(&self) { // We implement the `chocolate` method here.\n        println!(\"Hmmm! I love chocolate!\");\n    }\n}\n\nlet x = Mouth;\nx.chocolate(); // ok!\n```\n"},"level":"error","spans":[{"file_name":"programs/psol-privacy-v2/src/instructions/register_asset.rs","byte_start":414,"byte_end":422,"line_start":14,"line_end":14,"column_start":10,"column_end":18,"is_primary":true,"text":[{"text":"#[derive(Accounts)]","highlight_start":10,"highlight_end":18}],"label":"function or associated item not found in `TokenAccount`","suggested_replacement":null,"suggestion_applicability":null,"expansion":{"span":{"file_name":"programs/psol-privacy-v2/src/instructions/register_asset.rs","byte_start":414,"byte_end":422,"line_start":14,"line_end":14,"column_start":10,"column_end":18,"is_primary":false,"text":[{"text":"#[derive(Accounts)]","highlight_start":10,"highlight_end":18}],"label":null,"suggested_replacement":null,"suggestion_applicability":null,"expansion":null},"macro_decl_name":"#[derive(Accounts)]","def_site_span":{"file_name":"/usr/local/cargo/registry/src/index.crates.io-6f17d22bba15001f/anchor-derive-accounts-0.30.1/src/lib.rs","byte_start":29061,"byte_end":29117,"line_start":631,"line_end":631,"column_start":1,"column_end":57,"is_primary":false,"text":[{"text":"pub fn derive_accounts(item: TokenStream) -> TokenStream {","highlight_start":1,"highlight_end":57}],"label":null,"suggested_replacement":null,"suggestion_applicability":null,"expansion":null}}}],"children":[],"rendered":"\u001b[0m\u001b[1m\u001b[38;5;9merror[E0599]\u001b[0m\u001b[0m\u001b[1m: no function or associated item named `insert_types` found for struct `anchor_spl::token::TokenAccount` in the current scope\u001b[0m\n\u001b[0m  \u001b[0m\u001b[0m\u001b[1m\u001b[38;5;12m--> \u001b[0m\u001b[0mprograms/psol-privacy-v2/src/instructions/register_asset.rs:14:10\u001b[0m\n\u001b[0m   \u001b[0m\u001b[0m\u001b[1m\u001b[38;5;12m|\u001b[0m\n\u001b[0m\u001b[1m\u001b[38;5;12m14\u001b[0m\u001b[0m \u001b[0m\u001b[0m\u001b[1m\u001b[38;5;12m|\u001b[0m\u001b[0m \u001b[0m\u001b[0m#[derive(Accounts)]\u001b[0m\n\u001b[0m   \u001b[0m\u001b[0m\u001b[1m\u001b[38;5;12m|\u001b[0m\u001b[0m          \u001b[0m\u001b[0m\u001b[1m\u001b[38;5;9m^^^^^^^^\u001b[0m\u001b[0m \u001b[0m\u001b[0m\u001b[1m\u001b[38;5;9mfunction or associated item not found in `TokenAccount`\u001b[0m\n\u001b[0m   \u001b[0m\u001b[0m\u001b[1m\u001b[38;5;12m|\u001b[0m\n\u001b[0m   \u001b[0m\u001b[0m\u001b[1m\u001b[38;5;12m= \u001b[0m\u001b[0m\u001b[1mnote\u001b[0m\u001b[0m: this error originates in the derive macro `Accounts` (in Nightly builds, run with -Z macro-backtrace for more info)\u001b[0m\n\n"}
{"$message_type":"diagnostic","message":"no function or associated item named `create_type` found for struct `anchor_spl::token::TokenAccount` in the current scope","code":{"code":"E0599","explanation":"This error occurs when a method is used on a type which doesn't implement it:\n\nErroneous code example:\n\n```compile_fail,E0599\nstruct Mouth;\n\nlet x = Mouth;\nx.chocolate(); // error: no method named `chocolate` found for type `Mouth`\n               //        in the current scope\n```\n\nIn this case, you need to implement the `chocolate` method to fix the error:\n\n```\nstruct Mouth;\n\nimpl Mouth {\n    fn chocolate(&self) { // We implement the `chocolate` method here.\n        println!(\"Hmmm! I love chocolate!\");\n    }\n}\n\nlet x = Mouth;\nx.chocolate(); // ok!\n```\n"},"level":"error","spans":[{"file_name":"programs/psol-privacy-v2/src/instructions/deposit_masp.rs","byte_start":1324,"byte_end":1332,"line_start":35,"line_end":35,"column_start":10,"column_end":18,"is_primary":true,"text":[{"text":"#[derive(Accounts)]","highlight_start":10,"highlight_end":18}],"label":"function or associated item not found in `TokenAccount`","suggested_replacement":null,"suggestion_applicability":null,"expansion":{"span":{"file_name":"programs/psol-privacy-v2/src/instructions/deposit_masp.rs","byte_start":1324,"byte_end":1332,"line_start":35,"line_end":35,"column_start":10,"column_end":18,"is_primary":false,"text":[{"text":"#[derive(Accounts)]","highlight_start":10,"highlight_end":18}],"label":null,"suggested_replacement":null,"suggestion_applicability":null,"expansion":null},"macro_decl_name":"#[derive(Accounts)]","def_site_span":{"file_name":"/usr/local/cargo/registry/src/index.crates.io-6f17d22bba15001f/anchor-derive-accounts-0.30.1/src/lib.rs","byte_start":29061,"byte_end":29117,"line_start":631,"line_end":631,"column_start":1,"column_end":57,"is_primary":false,"text":[{"text":"pub fn derive_accounts(item: TokenStream) -> TokenStream {","highlight_start":1,"highlight_end":57}],"label":null,"suggested_replacement":null,"suggestion_applicability":null,"expansion":null}}}],"children":[],"rendered":"\u001b[0m\u001b[1m\u001b[38;5;9merror[E0599]\u001b[0m\u001b[0m\u001b[1m: no function or associated item named `create_type` found for struct `anchor_spl::token::TokenAccount` in the current scope\u001b[0m\n\u001b[0m  \u001b[0m\u001b[0m\u001b[1m\u001b[38;5;12m--> \u001b[0m\u001b[0mprograms/psol-privacy-v2/src/instructions/deposit_masp.rs:35:10\u001b[0m\n\u001b[0m   \u001b[0m\u001b[0m\u001b[1m\u001b[38;5;12m|\u001b[0m\n\u001b[0m\u001b[1m\u001b[38;5;12m35\u001b[0m\u001b[0m \u001b[0m\u001b[0m\u001b[1m\u001b[38;5;12m|\u001b[0m\u001b[0m \u001b[0m\u001b[0m#[derive(Accounts)]\u001b[0m\n\u001b[0m   \u001b[0m\u001b[0m\u001b[1m\u001b[38;5;12m|\u001b[0m\u001b[0m          \u001b[0m\u001b[0m\u001b[1m\u001b[38;5;9m^^^^^^^^\u001b[0m\u001b[0m \u001b[0m\u001b[0m\u001b[1m\u001b[38;5;9mfunction or associated item not found in `TokenAccount`\u001b[0m\n\u001b[0m   \u001b[0m\u001b[0m\u001b[1m\u001b[38;5;12m|\u001b[0m\n\u001b[0m   \u001b[0m\u001b[0m\u001b[1m\u001b[38;5;12m= \u001b[0m\u001b[0m\u001b[1mnote\u001b[0m\u001b[0m: this error originates in the derive macro `Accounts` (in Nightly builds, run with -Z macro-backtrace for more info)\u001b[0m\n\n"}
{"$message_type":"diagnostic","message":"the trait bound `anchor_spl::token::TokenAccount: Discriminator` is not satisfied","code":{"code":"E0277","explanation":"You tried to use a type which doesn't implement some trait in a place which\nexpected that trait.\n\nErroneous code example:\n\n```compile_fail,E0277\n// here we declare the Foo trait with a bar method\ntrait Foo {\n    fn bar(&self);\n}\n\n// we now declare a function which takes an object implementing the Foo trait\nfn some_func<T: Foo>(foo: T) {\n    foo.bar();\n}\n\nfn main() {\n    // we now call the method with the i32 type, which doesn't implement\n    // the Foo trait\n    some_func(5i32); // error: the trait bound `i32 : Foo` is not satisfied\n}\n```\n\nIn order to fix this error, verify that the type you're using does implement\nthe trait. Example:\n\n```\ntrait Foo {\n    fn bar(&self);\n}\n\n// we implement the trait on the i32 type\nimpl Foo for i32 {\n    fn bar(&self) {}\n}\n\nfn some_func<T: Foo>(foo: T) {\n    foo.bar(); // we can now use this method since i32 implements the\n               // Foo trait\n}\n\nfn main() {\n    some_func(5i32); // ok!\n}\n```\n\nOr in a generic context, an erroneous code example would look like:\n\n```compile_fail,E0277\nfn some_func<T>(foo: T) {\n    println!(\"{:?}\", foo); // error: the trait `core::fmt::Debug` is not\n                           //        implemented for the type `T`\n}\n\nfn main() {\n    // We now call the method with the i32 type,\n    // which *does* implement the Debug trait.\n    some_func(5i32);\n}\n```\n\nNote that the error here is in the definition of the generic function. Although\nwe only call it with a parameter that does implement `Debug`, the compiler\nstill rejects the function. It must work with all possible input types. In\norder to make this example compile, we need to restrict the generic type we're\naccepting:\n\n```\nuse std::fmt;\n\n// Restrict the input type to types that implement Debug.\nfn some_func<T: fmt::Debug>(foo: T) {\n    println!(\"{:?}\", foo);\n}\n\nfn main() {\n    // Calling the method is still fine, as i32 implements Debug.\n    some_func(5i32);\n\n    // This would fail to compile now:\n    // struct WithoutDebug;\n    // some_func(WithoutDebug);\n}\n```\n\nRust only looks at the signature of the called function, as such it must\nalready specify all requirements that will be used for every type parameter.\n"},"level":"error","spans":[{"file_name":"programs/psol-privacy-v2/src/instructions/deposit_masp.rs","byte_start":3079,"byte_end":3091,"line_start":88,"line_end":88,"column_start":45,"column_end":57,"is_primary":true,"text":[{"text":"    pub vault_token_account: Account<'info, TokenAccount>,","highlight_start":45,"highlight_end":57}],"label":"the trait `Discriminator` is not implemented for `anchor_spl::token::TokenAccount`","suggested_replacement":null,"suggestion_applicability":null,"expansion":null}],"children":[{"message":"the following other types implement trait `Discriminator`:\n  AssetConfigUpdated\n  AssetRegistered\n  AssetVault\n  AuditMetadata\n  AuditMetadataAttached\n  AuthorityTransferCancelledV2\n  AuthorityTransferCompletedV2\n  AuthorityTransferInitiatedV2\nand 24 others","code":null,"level":"help","spans":[],"children":[],"rendered":null}],"rendered":"\u001b[0m\u001b[1m\u001b[38;5;9merror[E0277]\u001b[0m\u001b[0m\u001b[1m: the trait bound `anchor_spl::token::TokenAccount: Discriminator` is not satisfied\u001b[0m\n\u001b[0m  \u001b[0m\u001b[0m\u001b[1m\u001b[38;5;12m--> \u001b[0m\u001b[0mprograms/psol-privacy-v2/src/instructions/deposit_masp.rs:88:45\u001b[0m\n\u001b[0m   \u001b[0m\u001b[0m\u001b[1m\u001b[38;5;12m|\u001b[0m\n\u001b[0m\u001b[1m\u001b[38;5;12m88\u001b[0m\u001b[0m \u001b[0m\u001b[0m\u001b[1m\u001b[38;5;12m|\u001b[0m\u001b[0m \u001b[0m\u001b[0m    pub vault_token_account: Account<'info, TokenAccount>,\u001b[0m\n\u001b[0m   \u001b[0m\u001b[0m\u001b[1m\u001b[38;5;12m|\u001b[0m\u001b[0m                                             \u001b[0m\u001b[0m\u001b[1m\u001b[38;5;9m^^^^^^^^^^^^\u001b[0m\u001b[0m \u001b[0m\u001b[0m\u001b[1m\u001b[38;5;9mthe trait `Discriminator` is not implemented for `anchor_spl::token::TokenAccount`\u001b[0m\n\u001b[0m   \u001b[0m\u001b[0m\u001b[1m\u001b[38;5;12m|\u001b[0m\n\u001b[0m   \u001b[0m\u001b[0m\u001b[1m\u001b[38;5;12m= \u001b[0m\u001b[0m\u001b[1mhelp\u001b[0m\u001b[0m: the following other types implement trait `Discriminator`:\u001b[0m\n\u001b[0m             AssetConfigUpdated\u001b[0m\n\u001b[0m             AssetRegistered\u001b[0m\n\u001b[0m             AssetVault\u001b[0m\n\u001b[0m             AuditMetadata\u001b[0m\n\u001b[0m             AuditMetadataAttached\u001b[0m\n\u001b[0m             AuthorityTransferCancelledV2\u001b[0m\n\u001b[0m             AuthorityTransferCompletedV2\u001b[0m\n\u001b[0m             AuthorityTransferInitiatedV2\u001b[0m\n\u001b[0m           and 24 others\u001b[0m\n\n"}
{"$message_type":"diagnostic","message":"no function or associated item named `insert_types` found for struct `anchor_spl::token::TokenAccount` in the current scope","code":{"code":"E0599","explanation":"This error occurs when a method is used on a type which doesn't implement it:\n\nErroneous code example:\n\n```compile_fail,E0599\nstruct Mouth;\n\nlet x = Mouth;\nx.chocolate(); // error: no method named `chocolate` found for type `Mouth`\n               //        in the current scope\n```\n\nIn this case, you need to implement the `chocolate` method to fix the error:\n\n```\nstruct Mouth;\n\nimpl Mouth {\n    fn chocolate(&self) { // We implement the `chocolate` method here.\n        println!(\"Hmmm! I love chocolate!\");\n    }\n}\n\nlet x = Mouth;\nx.chocolate(); // ok!\n```\n"},"level":"error","spans":[{"file_name":"programs/psol-privacy-v2/src/instructions/deposit_masp.rs","byte_start":1324,"byte_end":1332,"line_start":35,"line_end":35,"column_start":10,"column_end":18,"is_primary":true,"text":[{"text":"#[derive(Accounts)]","highlight_start":10,"highlight_end":18}],"label":"function or associated item not found in `TokenAccount`","suggested_replacement":null,"suggestion_applicability":null,"expansion":{"span":{"file_name":"programs/psol-privacy-v2/src/instructions/deposit_masp.rs","byte_start":1324,"byte_end":1332,"line_start":35,"line_end":35,"column_start":10,"column_end":18,"is_primary":false,"text":[{"text":"#[derive(Accounts)]","highlight_start":10,"highlight_end":18}],"label":null,"suggested_replacement":null,"suggestion_applicability":null,"expansion":null},"macro_decl_name":"#[derive(Accounts)]","def_site_span":{"file_name":"/usr/local/cargo/registry/src/index.crates.io-6f17d22bba15001f/anchor-derive-accounts-0.30.1/src/lib.rs","byte_start":29061,"byte_end":29117,"line_start":631,"line_end":631,"column_start":1,"column_end":57,"is_primary":false,"text":[{"text":"pub fn derive_accounts(item: TokenStream) -> TokenStream {","highlight_start":1,"highlight_end":57}],"label":null,"suggested_replacement":null,"suggestion_applicability":null,"expansion":null}}}],"children":[],"rendered":"\u001b[0m\u001b[1m\u001b[38;5;9merror[E0599]\u001b[0m\u001b[0m\u001b[1m: no function or associated item named `insert_types` found for struct `anchor_spl::token::TokenAccount` in the current scope\u001b[0m\n\u001b[0m  \u001b[0m\u001b[0m\u001b[1m\u001b[38;5;12m--> \u001b[0m\u001b[0mprograms/psol-privacy-v2/src/instructions/deposit_masp.rs:35:10\u001b[0m\n\u001b[0m   \u001b[0m\u001b[0m\u001b[1m\u001b[38;5;12m|\u001b[0m\n\u001b[0m\u001b[1m\u001b[38;5;12m35\u001b[0m\u001b[0m \u001b[0m\u001b[0m\u001b[1m\u001b[38;5;12m|\u001b[0m\u001b[0m \u001b[0m\u001b[0m#[derive(Accounts)]\u001b[0m\n\u001b[0m   \u001b[0m\u001b[0m\u001b[1m\u001b[38;5;12m|\u001b[0m\u001b[0m          \u001b[0m\u001b[0m\u001b[1m\u001b[38;5;9m^^^^^^^^\u001b[0m\u001b[0m \u001b[0m\u001b[0m\u001b[1m\u001b[38;5;9mfunction or associated item not found in `TokenAccount`\u001b[0m\n\u001b[0m   \u001b[0m\u001b[0m\u001b[1m\u001b[38;5;12m|\u001b[0m\n\u001b[0m   \u001b[0m\u001b[0m\u001b[1m\u001b[38;5;12m= \u001b[0m\u001b[0m\u001b[1mnote\u001b[0m\u001b[0m: this error originates in the derive macro `Accounts` (in Nightly builds, run with -Z macro-backtrace for more info)\u001b[0m\n\n"}
{"$message_type":"diagnostic","message":"the trait bound `anchor_spl::token::TokenAccount: Discriminator` is not satisfied","code":{"code":"E0277","explanation":"You tried to use a type which doesn't implement some trait in a place which\nexpected that trait.\n\nErroneous code example:\n\n```compile_fail,E0277\n// here we declare the Foo trait with a bar method\ntrait Foo {\n    fn bar(&self);\n}\n\n// we now declare a function which takes an object implementing the Foo trait\nfn some_func<T: Foo>(foo: T) {\n    foo.bar();\n}\n\nfn main() {\n    // we now call the method with the i32 type, which doesn't implement\n    // the Foo trait\n    some_func(5i32); // error: the trait bound `i32 : Foo` is not satisfied\n}\n```\n\nIn order to fix this error, verify that the type you're using does implement\nthe trait. Example:\n\n```\ntrait Foo {\n    fn bar(&self);\n}\n\n// we implement the trait on the i32 type\nimpl Foo for i32 {\n    fn bar(&self) {}\n}\n\nfn some_func<T: Foo>(foo: T) {\n    foo.bar(); // we can now use this method since i32 implements the\n               // Foo trait\n}\n\nfn main() {\n    some_func(5i32); // ok!\n}\n```\n\nOr in a generic context, an erroneous code example would look like:\n\n```compile_fail,E0277\nfn some_func<T>(foo: T) {\n    println!(\"{:?}\", foo); // error: the trait `core::fmt::Debug` is not\n                           //        implemented for the type `T`\n}\n\nfn main() {\n    // We now call the method with the i32 type,\n    // which *does* implement the Debug trait.\n    some_func(5i32);\n}\n```\n\nNote that the error here is in the definition of the generic function. Although\nwe only call it with a parameter that does implement `Debug`, the compiler\nstill rejects the function. It must work with all possible input types. In\norder to make this example compile, we need to restrict the generic type we're\naccepting:\n\n```\nuse std::fmt;\n\n// Restrict the input type to types that implement Debug.\nfn some_func<T: fmt::Debug>(foo: T) {\n    println!(\"{:?}\", foo);\n}\n\nfn main() {\n    // Calling the method is still fine, as i32 implements Debug.\n    some_func(5i32);\n\n    // This would fail to compile now:\n    // struct WithoutDebug;\n    // some_func(WithoutDebug);\n}\n```\n\nRust only looks at the signature of the called function, as such it must\nalready specify all requirements that will be used for every type parameter.\n"},"level":"error","spans":[{"file_name":"programs/psol-privacy-v2/src/instructions/deposit_masp.rs","byte_start":3437,"byte_end":3449,"line_start":98,"line_end":98,"column_start":44,"column_end":56,"is_primary":true,"text":[{"text":"    pub user_token_account: Account<'info, TokenAccount>,","highlight_start":44,"highlight_end":56}],"label":"the trait `Discriminator` is not implemented for `anchor_spl::token::TokenAccount`","suggested_replacement":null,"suggestion_applicability":null,"expansion":null}],"children":[{"message":"the following other types implement trait `Discriminator`:\n  AssetConfigUpdated\n  AssetRegistered\n  AssetVault\n  AuditMetadata\n  AuditMetadataAttached\n  AuthorityTransferCancelledV2\n  AuthorityTransferCompletedV2\n  AuthorityTransferInitiatedV2\nand 24 others","code":null,"level":"help","spans":[],"children":[],"rendered":null}],"rendered":"\u001b[0m\u001b[1m\u001b[38;5;9merror[E0277]\u001b[0m\u001b[0m\u001b[1m: the trait bound `anchor_spl::token::TokenAccount: Discriminator` is not satisfied\u001b[0m\n\u001b[0m  \u001b[0m\u001b[0m\u001b[1m\u001b[38;5;12m--> \u001b[0m\u001b[0mprograms/psol-privacy-v2/src/instructions/deposit_masp.rs:98:44\u001b[0m\n\u001b[0m   \u001b[0m\u001b[0m\u001b[1m\u001b[38;5;12m|\u001b[0m\n\u001b[0m\u001b[1m\u001b[38;5;12m98\u001b[0m\u001b[0m \u001b[0m\u001b[0m\u001b[1m\u001b[38;5;12m|\u001b[0m\u001b[0m \u001b[0m\u001b[0m    pub user_token_account: Account<'info, TokenAccount>,\u001b[0m\n\u001b[0m   \u001b[0m\u001b[0m\u001b[1m\u001b[38;5;12m|\u001b[0m\u001b[0m                                            \u001b[0m\u001b[0m\u001b[1m\u001b[38;5;9m^^^^^^^^^^^^\u001b[0m\u001b[0m \u001b[0m\u001b[0m\u001b[1m\u001b[38;5;9mthe trait `Discriminator` is not implemented for `anchor_spl::token::TokenAccount`\u001b[0m\n\u001b[0m   \u001b[0m\u001b[0m\u001b[1m\u001b[38;5;12m|\u001b[0m\n\u001b[0m   \u001b[0m\u001b[0m\u001b[1m\u001b[38;5;12m= \u001b[0m\u001b[0m\u001b[1mhelp\u001b[0m\u001b[0m: the following other types implement trait `Discriminator`:\u001b[0m\n\u001b[0m             AssetConfigUpdated\u001b[0m\n\u001b[0m             AssetRegistered\u001b[0m\n\u001b[0m             AssetVault\u001b[0m\n\u001b[0m             AuditMetadata\u001b[0m\n\u001b[0m             AuditMetadataAttached\u001b[0m\n\u001b[0m             AuthorityTransferCancelledV2\u001b[0m\n\u001b[0m             AuthorityTransferCompletedV2\u001b[0m\n\u001b[0m             AuthorityTransferInitiatedV2\u001b[0m\n\u001b[0m           and 24 others\u001b[0m\n\n"}
{"$message_type":"diagnostic","message":"no function or associated item named `create_type` found for struct `anchor_spl::token::Mint` in the current scope","code":{"code":"E0599","explanation":"This error occurs when a method is used on a type which doesn't implement it:\n\nErroneous code example:\n\n```compile_fail,E0599\nstruct Mouth;\n\nlet x = Mouth;\nx.chocolate(); // error: no method named `chocolate` found for type `Mouth`\n               //        in the current scope\n```\n\nIn this case, you need to implement the `chocolate` method to fix the error:\n\n```\nstruct Mouth;\n\nimpl Mouth {\n    fn chocolate(&self) { // We implement the `chocolate` method here.\n        println!(\"Hmmm! I love chocolate!\");\n    }\n}\n\nlet x = Mouth;\nx.chocolate(); // ok!\n```\n"},"level":"error","spans":[{"file_name":"programs/psol-privacy-v2/src/instructions/deposit_masp.rs","byte_start":1324,"byte_end":1332,"line_start":35,"line_end":35,"column_start":10,"column_end":18,"is_primary":true,"text":[{"text":"#[derive(Accounts)]","highlight_start":10,"highlight_end":18}],"label":"function or associated item not found in `Mint`","suggested_replacement":null,"suggestion_applicability":null,"expansion":{"span":{"file_name":"programs/psol-privacy-v2/src/instructions/deposit_masp.rs","byte_start":1324,"byte_end":1332,"line_start":35,"line_end":35,"column_start":10,"column_end":18,"is_primary":false,"text":[{"text":"#[derive(Accounts)]","highlight_start":10,"highlight_end":18}],"label":null,"suggested_replacement":null,"suggestion_applicability":null,"expansion":null},"macro_decl_name":"#[derive(Accounts)]","def_site_span":{"file_name":"/usr/local/cargo/registry/src/index.crates.io-6f17d22bba15001f/anchor-derive-accounts-0.30.1/src/lib.rs","byte_start":29061,"byte_end":29117,"line_start":631,"line_end":631,"column_start":1,"column_end":57,"is_primary":false,"text":[{"text":"pub fn derive_accounts(item: TokenStream) -> TokenStream {","highlight_start":1,"highlight_end":57}],"label":null,"suggested_replacement":null,"suggestion_applicability":null,"expansion":null}}}],"children":[],"rendered":"\u001b[0m\u001b[1m\u001b[38;5;9merror[E0599]\u001b[0m\u001b[0m\u001b[1m: no function or associated item named `create_type` found for struct `anchor_spl::token::Mint` in the current scope\u001b[0m\n\u001b[0m  \u001b[0m\u001b[0m\u001b[1m\u001b[38;5;12m--> \u001b[0m\u001b[0mprograms/psol-privacy-v2/src/instructions/deposit_masp.rs:35:10\u001b[0m\n\u001b[0m   \u001b[0m\u001b[0m\u001b[1m\u001b[38;5;12m|\u001b[0m\n\u001b[0m\u001b[1m\u001b[38;5;12m35\u001b[0m\u001b[0m \u001b[0m\u001b[0m\u001b[1m\u001b[38;5;12m|\u001b[0m\u001b[0m \u001b[0m\u001b[0m#[derive(Accounts)]\u001b[0m\n\u001b[0m   \u001b[0m\u001b[0m\u001b[1m\u001b[38;5;12m|\u001b[0m\u001b[0m          \u001b[0m\u001b[0m\u001b[1m\u001b[38;5;9m^^^^^^^^\u001b[0m\u001b[0m \u001b[0m\u001b[0m\u001b[1m\u001b[38;5;9mfunction or associated item not found in `Mint`\u001b[0m\n\u001b[0m   \u001b[0m\u001b[0m\u001b[1m\u001b[38;5;12m|\u001b[0m\n\u001b[0m   \u001b[0m\u001b[0m\u001b[1m\u001b[38;5;12m= \u001b[0m\u001b[0m\u001b[1mnote\u001b[0m\u001b[0m: this error originates in the derive macro `Accounts` (in Nightly builds, run with -Z macro-backtrace for more info)\u001b[0m\n\n"}
{"$message_type":"diagnostic","message":"the trait bound `anchor_spl::token::Mint: Discriminator` is not satisfied","code":{"code":"E0277","explanation":"You tried to use a type which doesn't implement some trait in a place which\nexpected that trait.\n\nErroneous code example:\n\n```compile_fail,E0277\n// here we declare the Foo trait with a bar method\ntrait Foo {\n    fn bar(&self);\n}\n\n// we now declare a function which takes an object implementing the Foo trait\nfn some_func<T: Foo>(foo: T) {\n    foo.bar();\n}\n\nfn main() {\n    // we now call the method with the i32 type, which doesn't implement\n    // the Foo trait\n    some_func(5i32); // error: the trait bound `i32 : Foo` is not satisfied\n}\n```\n\nIn order to fix this error, verify that the type you're using does implement\nthe trait. Example:\n\n```\ntrait Foo {\n    fn bar(&self);\n}\n\n// we implement the trait on the i32 type\nimpl Foo for i32 {\n    fn bar(&self) {}\n}\n\nfn some_func<T: Foo>(foo: T) {\n    foo.bar(); // we can now use this method since i32 implements the\n               // Foo trait\n}\n\nfn main() {\n    some_func(5i32); // ok!\n}\n```\n\nOr in a generic context, an erroneous code example would look like:\n\n```compile_fail,E0277\nfn some_func<T>(foo: T) {\n    println!(\"{:?}\", foo); // error: the trait `core::fmt::Debug` is not\n                           //        implemented for the type `T`\n}\n\nfn main() {\n    // We now call the method with the i32 type,\n    // which *does* implement the Debug trait.\n    some_func(5i32);\n}\n```\n\nNote that the error here is in the definition of the generic function. Although\nwe only call it with a parameter that does implement `Debug`, the compiler\nstill rejects the function. It must work with all possible input types. In\norder to make this example compile, we need to restrict the generic type we're\naccepting:\n\n```\nuse std::fmt;\n\n// Restrict the input type to types that implement Debug.\nfn some_func<T: fmt::Debug>(foo: T) {\n    println!(\"{:?}\", foo);\n}\n\nfn main() {\n    // Calling the method is still fine, as i32 implements Debug.\n    some_func(5i32);\n\n    // This would fail to compile now:\n    // struct WithoutDebug;\n    // some_func(WithoutDebug);\n}\n```\n\nRust only looks at the signature of the called function, as such it must\nalready specify all requirements that will be used for every type parameter.\n"},"level":"error","spans":[{"file_name":"programs/psol-privacy-v2/src/instructions/deposit_masp.rs","byte_start":3626,"byte_end":3630,"line_start":105,"line_end":105,"column_start":30,"column_end":34,"is_primary":true,"text":[{"text":"    pub mint: Account<'info, Mint>,","highlight_start":30,"highlight_end":34}],"label":"the trait `Discriminator` is not implemented for `anchor_spl::token::Mint`","suggested_replacement":null,"suggestion_applicability":null,"expansion":null}],"children":[{"message":"the following other types implement trait `Discriminator`:\n  AssetConfigUpdated\n  AssetRegistered\n  AssetVault\n  AuditMetadata\n  AuditMetadataAttached\n  AuthorityTransferCancelledV2\n  AuthorityTransferCompletedV2\n  AuthorityTransferInitiatedV2\nand 24 others","code":null,"level":"help","spans":[],"children":[],"rendered":null}],"rendered":"\u001b[0m\u001b[1m\u001b[38;5;9merror[E0277]\u001b[0m\u001b[0m\u001b[1m: the trait bound `anchor_spl::token::Mint: Discriminator` is not satisfied\u001b[0m\n\u001b[0m   \u001b[0m\u001b[0m\u001b[1m\u001b[38;5;12m--> \u001b[0m\u001b[0mprograms/psol-privacy-v2/src/instructions/deposit_masp.rs:105:30\u001b[0m\n\u001b[0m    \u001b[0m\u001b[0m\u001b[1m\u001b[38;5;12m|\u001b[0m\n\u001b[0m\u001b[1m\u001b[38;5;12m105\u001b[0m\u001b[0m \u001b[0m\u001b[0m\u001b[1m\u001b[38;5;12m|\u001b[0m\u001b[0m \u001b[0m\u001b[0m    pub mint: Account<'info, Mint>,\u001b[0m\n\u001b[0m    \u001b[0m\u001b[0m\u001b[1m\u001b[38;5;12m|\u001b[0m\u001b[0m                              \u001b[0m\u001b[0m\u001b[1m\u001b[38;5;9m^^^^\u001b[0m\u001b[0m \u001b[0m\u001b[0m\u001b[1m\u001b[38;5;9mthe trait `Discriminator` is not implemented for `anchor_spl::token::Mint`\u001b[0m\n\u001b[0m    \u001b[0m\u001b[0m\u001b[1m\u001b[38;5;12m|\u001b[0m\n\u001b[0m    \u001b[0m\u001b[0m\u001b[1m\u001b[38;5;12m= \u001b[0m\u001b[0m\u001b[1mhelp\u001b[0m\u001b[0m: the following other types implement trait `Discriminator`:\u001b[0m\n\u001b[0m              AssetConfigUpdated\u001b[0m\n\u001b[0m              AssetRegistered\u001b[0m\n\u001b[0m              AssetVault\u001b[0m\n\u001b[0m              AuditMetadata\u001b[0m\n\u001b[0m              AuditMetadataAttached\u001b[0m\n\u001b[0m              AuthorityTransferCancelledV2\u001b[0m\n\u001b[0m              AuthorityTransferCompletedV2\u001b[0m\n\u001b[0m              AuthorityTransferInitiatedV2\u001b[0m\n\u001b[0m            and 24 others\u001b[0m\n\n"}
{"$message_type":"diagnostic","message":"no function or associated item named `insert_types` found for struct `anchor_spl::token::Mint` in the current scope","code":{"code":"E0599","explanation":"This error occurs when a method is used on a type which doesn't implement it:\n\nErroneous code example:\n\n```compile_fail,E0599\nstruct Mouth;\n\nlet x = Mouth;\nx.chocolate(); // error: no method named `chocolate` found for type `Mouth`\n               //        in the current scope\n```\n\nIn this case, you need to implement the `chocolate` method to fix the error:\n\n```\nstruct Mouth;\n\nimpl Mouth {\n    fn chocolate(&self) { // We implement the `chocolate` method here.\n        println!(\"Hmmm! I love chocolate!\");\n    }\n}\n\nlet x = Mouth;\nx.chocolate(); // ok!\n```\n"},"level":"error","spans":[{"file_name":"programs/psol-privacy-v2/src/instructions/deposit_masp.rs","byte_start":1324,"byte_end":1332,"line_start":35,"line_end":35,"column_start":10,"column_end":18,"is_primary":true,"text":[{"text":"#[derive(Accounts)]","highlight_start":10,"highlight_end":18}],"label":"function or associated item not found in `Mint`","suggested_replacement":null,"suggestion_applicability":null,"expansion":{"span":{"file_name":"programs/psol-privacy-v2/src/instructions/deposit_masp.rs","byte_start":1324,"byte_end":1332,"line_start":35,"line_end":35,"column_start":10,"column_end":18,"is_primary":false,"text":[{"text":"#[derive(Accounts)]","highlight_start":10,"highlight_end":18}],"label":null,"suggested_replacement":null,"suggestion_applicability":null,"expansion":null},"macro_decl_name":"#[derive(Accounts)]","def_site_span":{"file_name":"/usr/local/cargo/registry/src/index.crates.io-6f17d22bba15001f/anchor-derive-accounts-0.30.1/src/lib.rs","byte_start":29061,"byte_end":29117,"line_start":631,"line_end":631,"column_start":1,"column_end":57,"is_primary":false,"text":[{"text":"pub fn derive_accounts(item: TokenStream) -> TokenStream {","highlight_start":1,"highlight_end":57}],"label":null,"suggested_replacement":null,"suggestion_applicability":null,"expansion":null}}}],"children":[],"rendered":"\u001b[0m\u001b[1m\u001b[38;5;9merror[E0599]\u001b[0m\u001b[0m\u001b[1m: no function or associated item named `insert_types` found for struct `anchor_spl::token::Mint` in the current scope\u001b[0m\n\u001b[0m  \u001b[0m\u001b[0m\u001b[1m\u001b[38;5;12m--> \u001b[0m\u001b[0mprograms/psol-privacy-v2/src/instructions/deposit_masp.rs:35:10\u001b[0m\n\u001b[0m   \u001b[0m\u001b[0m\u001b[1m\u001b[38;5;12m|\u001b[0m\n\u001b[0m\u001b[1m\u001b[38;5;12m35\u001b[0m\u001b[0m \u001b[0m\u001b[0m\u001b[1m\u001b[38;5;12m|\u001b[0m\u001b[0m \u001b[0m\u001b[0m#[derive(Accounts)]\u001b[0m\n\u001b[0m   \u001b[0m\u001b[0m\u001b[1m\u001b[38;5;12m|\u001b[0m\u001b[0m          \u001b[0m\u001b[0m\u001b[1m\u001b[38;5;9m^^^^^^^^\u001b[0m\u001b[0m \u001b[0m\u001b[0m\u001b[1m\u001b[38;5;9mfunction or associated item not found in `Mint`\u001b[0m\n\u001b[0m   \u001b[0m\u001b[0m\u001b[1m\u001b[38;5;12m|\u001b[0m\n\u001b[0m   \u001b[0m\u001b[0m\u001b[1m\u001b[38;5;12m= \u001b[0m\u001b[0m\u001b[1mnote\u001b[0m\u001b[0m: this error originates in the derive macro `Accounts` (in Nightly builds, run with -Z macro-backtrace for more info)\u001b[0m\n\n"}
{"$message_type":"diagnostic","message":"no function or associated item named `create_type` found for struct `anchor_spl::token::TokenAccount` in the current scope","code":{"code":"E0599","explanation":"This error occurs when a method is used on a type which doesn't implement it:\n\nErroneous code example:\n\n```compile_fail,E0599\nstruct Mouth;\n\nlet x = Mouth;\nx.chocolate(); // error: no method named `chocolate` found for type `Mouth`\n               //        in the current scope\n```\n\nIn this case, you need to implement the `chocolate` method to fix the error:\n\n```\nstruct Mouth;\n\nimpl Mouth {\n    fn chocolate(&self) { // We implement the `chocolate` method here.\n        println!(\"Hmmm! I love chocolate!\");\n    }\n}\n\nlet x = Mouth;\nx.chocolate(); // ok!\n```\n"},"level":"error","spans":[{"file_name":"programs/psol-privacy-v2/src/instructions/withdraw_masp.rs","byte_start":1692,"byte_end":1700,"line_start":46,"line_end":46,"column_start":10,"column_end":18,"is_primary":true,"text":[{"text":"#[derive(Accounts)]","highlight_start":10,"highlight_end":18}],"label":"function or associated item not found in `TokenAccount`","suggested_replacement":null,"suggestion_applicability":null,"expansion":{"span":{"file_name":"programs/psol-privacy-v2/src/instructions/withdraw_masp.rs","byte_start":1692,"byte_end":1700,"line_start":46,"line_end":46,"column_start":10,"column_end":18,"is_primary":false,"text":[{"text":"#[derive(Accounts)]","highlight_start":10,"highlight_end":18}],"label":null,"suggested_replacement":null,"suggestion_applicability":null,"expansion":null},"macro_decl_name":"#[derive(Accounts)]","def_site_span":{"file_name":"/usr/local/cargo/registry/src/index.crates.io-6f17d22bba15001f/anchor-derive-accounts-0.30.1/src/lib.rs","byte_start":29061,"byte_end":29117,"line_start":631,"line_end":631,"column_start":1,"column_end":57,"is_primary":false,"text":[{"text":"pub fn derive_accounts(item: TokenStream) -> TokenStream {","highlight_start":1,"highlight_end":57}],"label":null,"suggested_replacement":null,"suggestion_applicability":null,"expansion":null}}}],"children":[],"rendered":"\u001b[0m\u001b[1m\u001b[38;5;9merror[E0599]\u001b[0m\u001b[0m\u001b[1m: no function or associated item named `create_type` found for struct `anchor_spl::token::TokenAccount` in the current scope\u001b[0m\n\u001b[0m  \u001b[0m\u001b[0m\u001b[1m\u001b[38;5;12m--> \u001b[0m\u001b[0mprograms/psol-privacy-v2/src/instructions/withdraw_masp.rs:46:10\u001b[0m\n\u001b[0m   \u001b[0m\u001b[0m\u001b[1m\u001b[38;5;12m|\u001b[0m\n\u001b[0m\u001b[1m\u001b[38;5;12m46\u001b[0m\u001b[0m \u001b[0m\u001b[0m\u001b[1m\u001b[38;5;12m|\u001b[0m\u001b[0m \u001b[0m\u001b[0m#[derive(Accounts)]\u001b[0m\n\u001b[0m   \u001b[0m\u001b[0m\u001b[1m\u001b[38;5;12m|\u001b[0m\u001b[0m          \u001b[0m\u001b[0m\u001b[1m\u001b[38;5;9m^^^^^^^^\u001b[0m\u001b[0m \u001b[0m\u001b[0m\u001b[1m\u001b[38;5;9mfunction or associated item not found in `TokenAccount`\u001b[0m\n\u001b[0m   \u001b[0m\u001b[0m\u001b[1m\u001b[38;5;12m|\u001b[0m\n\u001b[0m   \u001b[0m\u001b[0m\u001b[1m\u001b[38;5;12m= \u001b[0m\u001b[0m\u001b[1mnote\u001b[0m\u001b[0m: this error originates in the derive macro `Accounts` (in Nightly builds, run with -Z macro-backtrace for more info)\u001b[0m\n\n"}
{"$message_type":"diagnostic","message":"the trait bound `anchor_spl::token::TokenAccount: Discriminator` is not satisfied","code":{"code":"E0277","explanation":"You tried to use a type which doesn't implement some trait in a place which\nexpected that trait.\n\nErroneous code example:\n\n```compile_fail,E0277\n// here we declare the Foo trait with a bar method\ntrait Foo {\n    fn bar(&self);\n}\n\n// we now declare a function which takes an object implementing the Foo trait\nfn some_func<T: Foo>(foo: T) {\n    foo.bar();\n}\n\nfn main() {\n    // we now call the method with the i32 type, which doesn't implement\n    // the Foo trait\n    some_func(5i32); // error: the trait bound `i32 : Foo` is not satisfied\n}\n```\n\nIn order to fix this error, verify that the type you're using does implement\nthe trait. Example:\n\n```\ntrait Foo {\n    fn bar(&self);\n}\n\n// we implement the trait on the i32 type\nimpl Foo for i32 {\n    fn bar(&self) {}\n}\n\nfn some_func<T: Foo>(foo: T) {\n    foo.bar(); // we can now use this method since i32 implements the\n               // Foo trait\n}\n\nfn main() {\n    some_func(5i32); // ok!\n}\n```\n\nOr in a generic context, an erroneous code example would look like:\n\n```compile_fail,E0277\nfn some_func<T>(foo: T) {\n    println!(\"{:?}\", foo); // error: the trait `core::fmt::Debug` is not\n                           //        implemented for the type `T`\n}\n\nfn main() {\n    // We now call the method with the i32 type,\n    // which *does* implement the Debug trait.\n    some_func(5i32);\n}\n```\n\nNote that the error here is in the definition of the generic function. Although\nwe only call it with a parameter that does implement `Debug`, the compiler\nstill rejects the function. It must work with all possible input types. In\norder to make this example compile, we need to restrict the generic type we're\naccepting:\n\n```\nuse std::fmt;\n\n// Restrict the input type to types that implement Debug.\nfn some_func<T: fmt::Debug>(foo: T) {\n    println!(\"{:?}\", foo);\n}\n\nfn main() {\n    // Calling the method is still fine, as i32 implements Debug.\n    some_func(5i32);\n\n    // This would fail to compile now:\n    // struct WithoutDebug;\n    // some_func(WithoutDebug);\n}\n```\n\nRust only looks at the signature of the called function, as such it must\nalready specify all requirements that will be used for every type parameter.\n"},"level":"error","spans":[{"file_name":"programs/psol-privacy-v2/src/instructions/withdraw_masp.rs","byte_start":3690,"byte_end":3702,"line_start":106,"line_end":106,"column_start":49,"column_end":61,"is_primary":true,"text":[{"text":"    pub vault_token_account: Box<Account<'info, TokenAccount>>,","highlight_start":49,"highlight_end":61}],"label":"the trait `Discriminator` is not implemented for `anchor_spl::token::TokenAccount`","suggested_replacement":null,"suggestion_applicability":null,"expansion":null}],"children":[{"message":"the following other types implement trait `Discriminator`:\n  AssetConfigUpdated\n  AssetRegistered\n  AssetVault\n  AuditMetadata\n  AuditMetadataAttached\n  AuthorityTransferCancelledV2\n  AuthorityTransferCompletedV2\n  AuthorityTransferInitiatedV2\nand 24 others","code":null,"level":"help","spans":[],"children":[],"rendered":null}],"rendered":"\u001b[0m\u001b[1m\u001b[38;5;9merror[E0277]\u001b[0m\u001b[0m\u001b[1m: the trait bound `anchor_spl::token::TokenAccount: Discriminator` is not satisfied\u001b[0m\n\u001b[0m   \u001b[0m\u001b[0m\u001b[1m\u001b[38;5;12m--> \u001b[0m\u001b[0mprograms/psol-privacy-v2/src/instructions/withdraw_masp.rs:106:49\u001b[0m\n\u001b[0m    \u001b[0m\u001b[0m\u001b[1m\u001b[38;5;12m|\u001b[0m\n\u001b[0m\u001b[1m\u001b[38;5;12m106\u001b[0m\u001b[0m \u001b[0m\u001b[0m\u001b[1m\u001b[38;5;12m|\u001b[0m\u001b[0m \u001b[0m\u001b[0m    pub vault_token_account: Box<Account<'info, TokenAccount>>,\u001b[0m\n\u001b[0m    \u001b[0m\u001b[0m\u001b[1m\u001b[38;5;12m|\u001b[0m\u001b[0m                                                 \u001b[0m\u001b[0m\u001b[1m\u001b[38;5;9m^^^^^^^^^^^^\u001b[0m\u001b[0m \u001b[0m\u001b[0m\u001b[1m\u001b[38;5;9mthe trait `Discriminator` is not implemented for `anchor_spl::token::TokenAccount`\u001b[0m\n\u001b[0m    \u001b[0m\u001b[0m\u001b[1m\u001b[38;5;12m|\u001b[0m\n\u001b[0m    \u001b[0m\u001b[0m\u001b[1m\u001b[38;5;12m= \u001b[0m\u001b[0m\u001b[1mhelp\u001b[0m\u001b[0m: the following other types implement trait `Discriminator`:\u001b[0m\n\u001b[0m              AssetConfigUpdated\u001b[0m\n\u001b[0m              AssetRegistered\u001b[0m\n\u001b[0m              AssetVault\u001b[0m\n\u001b[0m              AuditMetadata\u001b[0m\n\u001b[0m              AuditMetadataAttached\u001b[0m\n\u001b[0m              AuthorityTransferCancelledV2\u001b[0m\n\u001b[0m              AuthorityTransferCompletedV2\u001b[0m\n\u001b[0m              AuthorityTransferInitiatedV2\u001b[0m\n\u001b[0m            and 24 others\u001b[0m\n\n"}
{"$message_type":"diagnostic","message":"no function or associated item named `insert_types` found for struct `anchor_spl::token::TokenAccount` in the current scope","code":{"code":"E0599","explanation":"This error occurs when a method is used on a type which doesn't implement it:\n\nErroneous code example:\n\n```compile_fail,E0599\nstruct Mouth;\n\nlet x = Mouth;\nx.chocolate(); // error: no method named `chocolate` found for type `Mouth`\n               //        in the current scope\n```\n\nIn this case, you need to implement the `chocolate` method to fix the error:\n\n```\nstruct Mouth;\n\nimpl Mouth {\n    fn chocolate(&self) { // We implement the `chocolate` method here.\n        println!(\"Hmmm! I love chocolate!\");\n    }\n}\n\nlet x = Mouth;\nx.chocolate(); // ok!\n```\n"},"level":"error","spans":[{"file_name":"programs/psol-privacy-v2/src/instructions/withdraw_masp.rs","byte_start":1692,"byte_end":1700,"line_start":46,"line_end":46,"column_start":10,"column_end":18,"is_primary":true,"text":[{"text":"#[derive(Accounts)]","highlight_start":10,"highlight_end":18}],"label":"function or associated item not found in `TokenAccount`","suggested_replacement":null,"suggestion_applicability":null,"expansion":{"span":{"file_name":"programs/psol-privacy-v2/src/instructions/withdraw_masp.rs","byte_start":1692,"byte_end":1700,"line_start":46,"line_end":46,"column_start":10,"column_end":18,"is_primary":false,"text":[{"text":"#[derive(Accounts)]","highlight_start":10,"highlight_end":18}],"label":null,"suggested_replacement":null,"suggestion_applicability":null,"expansion":null},"macro_decl_name":"#[derive(Accounts)]","def_site_span":{"file_name":"/usr/local/cargo/registry/src/index.crates.io-6f17d22bba15001f/anchor-derive-accounts-0.30.1/src/lib.rs","byte_start":29061,"byte_end":29117,"line_start":631,"line_end":631,"column_start":1,"column_end":57,"is_primary":false,"text":[{"text":"pub fn derive_accounts(item: TokenStream) -> TokenStream {","highlight_start":1,"highlight_end":57}],"label":null,"suggested_replacement":null,"suggestion_applicability":null,"expansion":null}}}],"children":[],"rendered":"\u001b[0m\u001b[1m\u001b[38;5;9merror[E0599]\u001b[0m\u001b[0m\u001b[1m: no function or associated item named `insert_types` found for struct `anchor_spl::token::TokenAccount` in the current scope\u001b[0m\n\u001b[0m  \u001b[0m\u001b[0m\u001b[1m\u001b[38;5;12m--> \u001b[0m\u001b[0mprograms/psol-privacy-v2/src/instructions/withdraw_masp.rs:46:10\u001b[0m\n\u001b[0m   \u001b[0m\u001b[0m\u001b[1m\u001b[38;5;12m|\u001b[0m\n\u001b[0m\u001b[1m\u001b[38;5;12m46\u001b[0m\u001b[0m \u001b[0m\u001b[0m\u001b[1m\u001b[38;5;12m|\u001b[0m\u001b[0m \u001b[0m\u001b[0m#[derive(Accounts)]\u001b[0m\n\u001b[0m   \u001b[0m\u001b[0m\u001b[1m\u001b[38;5;12m|\u001b[0m\u001b[0m          \u001b[0m\u001b[0m\u001b[1m\u001b[38;5;9m^^^^^^^^\u001b[0m\u001b[0m \u001b[0m\u001b[0m\u001b[1m\u001b[38;5;9mfunction or associated item not found in `TokenAccount`\u001b[0m\n\u001b[0m   \u001b[0m\u001b[0m\u001b[1m\u001b[38;5;12m|\u001b[0m\n\u001b[0m   \u001b[0m\u001b[0m\u001b[1m\u001b[38;5;12m= \u001b[0m\u001b[0m\u001b[1mnote\u001b[0m\u001b[0m: this error originates in the derive macro `Accounts` (in Nightly builds, run with -Z macro-backtrace for more info)\u001b[0m\n\n"}
{"$message_type":"diagnostic","message":"the trait bound `anchor_spl::token::TokenAccount: Discriminator` is not satisfied","code":{"code":"E0277","explanation":"You tried to use a type which doesn't implement some trait in a place which\nexpected that trait.\n\nErroneous code example:\n\n```compile_fail,E0277\n// here we declare the Foo trait with a bar method\ntrait Foo {\n    fn bar(&self);\n}\n\n// we now declare a function which takes an object implementing the Foo trait\nfn some_func<T: Foo>(foo: T) {\n    foo.bar();\n}\n\nfn main() {\n    // we now call the method with the i32 type, which doesn't implement\n    // the Foo trait\n    some_func(5i32); // error: the trait bound `i32 : Foo` is not satisfied\n}\n```\n\nIn order to fix this error, verify that the type you're using does implement\nthe trait. Example:\n\n```\ntrait Foo {\n    fn bar(&self);\n}\n\n// we implement the trait on the i32 type\nimpl Foo for i32 {\n    fn bar(&self) {}\n}\n\nfn some_func<T: Foo>(foo: T) {\n    foo.bar(); // we can now use this method since i32 implements the\n               // Foo trait\n}\n\nfn main() {\n    some_func(5i32); // ok!\n}\n```\n\nOr in a generic context, an erroneous code example would look like:\n\n```compile_fail,E0277\nfn some_func<T>(foo: T) {\n    println!(\"{:?}\", foo); // error: the trait `core::fmt::Debug` is not\n                           //        implemented for the type `T`\n}\n\nfn main() {\n    // We now call the method with the i32 type,\n    // which *does* implement the Debug trait.\n    some_func(5i32);\n}\n```\n\nNote that the error here is in the definition of the generic function. Although\nwe only call it with a parameter that does implement `Debug`, the compiler\nstill rejects the function. It must work with all possible input types. In\norder to make this example compile, we need to restrict the generic type we're\naccepting:\n\n```\nuse std::fmt;\n\n// Restrict the input type to types that implement Debug.\nfn some_func<T: fmt::Debug>(foo: T) {\n    println!(\"{:?}\", foo);\n}\n\nfn main() {\n    // Calling the method is still fine, as i32 implements Debug.\n    some_func(5i32);\n\n    // This would fail to compile now:\n    // struct WithoutDebug;\n    // some_func(WithoutDebug);\n}\n```\n\nRust only looks at the signature of the called function, as such it must\nalready specify all requirements that will be used for every type parameter.\n"},"level":"error","spans":[{"file_name":"programs/psol-privacy-v2/src/instructions/withdraw_masp.rs","byte_start":4027,"byte_end":4039,"line_start":114,"line_end":114,"column_start":53,"column_end":65,"is_primary":true,"text":[{"text":"    pub recipient_token_account: Box<Account<'info, TokenAccount>>,","highlight_start":53,"highlight_end":65}],"label":"the trait `Discriminator` is not implemented for `anchor_spl::token::TokenAccount`","suggested_replacement":null,"suggestion_applicability":null,"expansion":null}],"children":[{"message":"the following other types implement trait `Discriminator`:\n  AssetConfigUpdated\n  AssetRegistered\n  AssetVault\n  AuditMetadata\n  AuditMetadataAttached\n  AuthorityTransferCancelledV2\n  AuthorityTransferCompletedV2\n  AuthorityTransferInitiatedV2\nand 24 others","code":null,"level":"help","spans":[],"children":[],"rendered":null}],"rendered":"\u001b[0m\u001b[1m\u001b[38;5;9merror[E0277]\u001b[0m\u001b[0m\u001b[1m: the trait bound `anchor_spl::token::TokenAccount: Discriminator` is not satisfied\u001b[0m\n\u001b[0m   \u001b[0m\u001b[0m\u001b[1m\u001b[38;5;12m--> \u001b[0m\u001b[0mprograms/psol-privacy-v2/src/instructions/withdraw_masp.rs:114:53\u001b[0m\n\u001b[0m    \u001b[0m\u001b[0m\u001b[1m\u001b[38;5;12m|\u001b[0m\n\u001b[0m\u001b[1m\u001b[38;5;12m114\u001b[0m\u001b[0m \u001b[0m\u001b[0m\u001b[1m\u001b[38;5;12m|\u001b[0m\u001b[0m \u001b[0m\u001b[0m    pub recipient_token_account: Box<Account<'info, TokenAccount>>,\u001b[0m\n\u001b[0m    \u001b[0m\u001b[0m\u001b[1m\u001b[38;5;12m|\u001b[0m\u001b[0m                                                     \u001b[0m\u001b[0m\u001b[1m\u001b[38;5;9m^^^^^^^^^^^^\u001b[0m\u001b[0m \u001b[0m\u001b[0m\u001b[1m\u001b[38;5;9mthe trait `Discriminator` is not implemented for `anchor_spl::token::TokenAccount`\u001b[0m\n\u001b[0m    \u001b[0m\u001b[0m\u001b[1m\u001b[38;5;12m|\u001b[0m\n\u001b[0m    \u001b[0m\u001b[0m\u001b[1m\u001b[38;5;12m= \u001b[0m\u001b[0m\u001b[1mhelp\u001b[0m\u001b[0m: the following other types implement trait `Discriminator`:\u001b[0m\n\u001b[0m              AssetConfigUpdated\u001b[0m\n\u001b[0m              AssetRegistered\u001b[0m\n\u001b[0m              AssetVault\u001b[0m\n\u001b[0m              AuditMetadata\u001b[0m\n\u001b[0m              AuditMetadataAttached\u001b[0m\n\u001b[0m              AuthorityTransferCancelledV2\u001b[0m\n\u001b[0m              AuthorityTransferCompletedV2\u001b[0m\n\u001b[0m              AuthorityTransferInitiatedV2\u001b[0m\n\u001b[0m            and 24 others\u001b[0m\n\n"}
{"$message_type":"diagnostic","message":"the trait bound `anchor_spl::token::TokenAccount: Discriminator` is not satisfied","code":{"code":"E0277","explanation":"You tried to use a type which doesn't implement some trait in a place which\nexpected that trait.\n\nErroneous code example:\n\n```compile_fail,E0277\n// here we declare the Foo trait with a bar method\ntrait Foo {\n    fn bar(&self);\n}\n\n// we now declare a function which takes an object implementing the Foo trait\nfn some_func<T: Foo>(foo: T) {\n    foo.bar();\n}\n\nfn main() {\n    // we now call the method with the i32 type, which doesn't implement\n    // the Foo trait\n    some_func(5i32); // error: the trait bound `i32 : Foo` is not satisfied\n}\n```\n\nIn order to fix this error, verify that the type you're using does implement\nthe trait. Example:\n\n```\ntrait Foo {\n    fn bar(&self);\n}\n\n// we implement the trait on the i32 type\nimpl Foo for i32 {\n    fn bar(&self) {}\n}\n\nfn some_func<T: Foo>(foo: T) {\n    foo.bar(); // we can now use this method since i32 implements the\n               // Foo trait\n}\n\nfn main() {\n    some_func(5i32); // ok!\n}\n```\n\nOr in a generic context, an erroneous code example would look like:\n\n```compile_fail,E0277\nfn some_func<T>(foo: T) {\n    println!(\"{:?}\", foo); // error: the trait `core::fmt::Debug` is not\n                           //        implemented for the type `T`\n}\n\nfn main() {\n    // We now call the method with the i32 type,\n    // which *does* implement the Debug trait.\n    some_func(5i32);\n}\n```\n\nNote that the error here is in the definition of the generic function. Although\nwe only call it with a parameter that does implement `Debug`, the compiler\nstill rejects the function. It must work with all possible input types. In\norder to make this example compile, we need to restrict the generic type we're\naccepting:\n\n```\nuse std::fmt;\n\n// Restrict the input type to types that implement Debug.\nfn some_func<T: fmt::Debug>(foo: T) {\n    println!(\"{:?}\", foo);\n}\n\nfn main() {\n    // Calling the method is still fine, as i32 implements Debug.\n    some_func(5i32);\n\n    // This would fail to compile now:\n    // struct WithoutDebug;\n    // some_func(WithoutDebug);\n}\n```\n\nRust only looks at the signature of the called function, as such it must\nalready specify all requirements that will be used for every type parameter.\n"},"level":"error","spans":[{"file_name":"programs/psol-privacy-v2/src/instructions/withdraw_masp.rs","byte_start":4289,"byte_end":4301,"line_start":121,"line_end":121,"column_start":51,"column_end":63,"is_primary":true,"text":[{"text":"    pub relayer_token_account: Box<Account<'info, TokenAccount>>,","highlight_start":51,"highlight_end":63}],"label":"the trait `Discriminator` is not implemented for `anchor_spl::token::TokenAccount`","suggested_replacement":null,"suggestion_applicability":null,"expansion":null}],"children":[{"message":"the following other types implement trait `Discriminator`:\n  AssetConfigUpdated\n  AssetRegistered\n  AssetVault\n  AuditMetadata\n  AuditMetadataAttached\n  AuthorityTransferCancelledV2\n  AuthorityTransferCompletedV2\n  AuthorityTransferInitiatedV2\nand 24 others","code":null,"level":"help","spans":[],"children":[],"rendered":null}],"rendered":"\u001b[0m\u001b[1m\u001b[38;5;9merror[E0277]\u001b[0m\u001b[0m\u001b[1m: the trait bound `anchor_spl::token::TokenAccount: Discriminator` is not satisfied\u001b[0m\n\u001b[0m   \u001b[0m\u001b[0m\u001b[1m\u001b[38;5;12m--> \u001b[0m\u001b[0mprograms/psol-privacy-v2/src/instructions/withdraw_masp.rs:121:51\u001b[0m\n\u001b[0m    \u001b[0m\u001b[0m\u001b[1m\u001b[38;5;12m|\u001b[0m\n\u001b[0m\u001b[1m\u001b[38;5;12m121\u001b[0m\u001b[0m \u001b[0m\u001b[0m\u001b[1m\u001b[38;5;12m|\u001b[0m\u001b[0m \u001b[0m\u001b[0m    pub relayer_token_account: Box<Account<'info, TokenAccount>>,\u001b[0m\n\u001b[0m    \u001b[0m\u001b[0m\u001b[1m\u001b[38;5;12m|\u001b[0m\u001b[0m                                                   \u001b[0m\u001b[0m\u001b[1m\u001b[38;5;9m^^^^^^^^^^^^\u001b[0m\u001b[0m \u001b[0m\u001b[0m\u001b[1m\u001b[38;5;9mthe trait `Discriminator` is not implemented for `anchor_spl::token::TokenAccount`\u001b[0m\n\u001b[0m    \u001b[0m\u001b[0m\u001b[1m\u001b[38;5;12m|\u001b[0m\n\u001b[0m    \u001b[0m\u001b[0m\u001b[1m\u001b[38;5;12m= \u001b[0m\u001b[0m\u001b[1mhelp\u001b[0m\u001b[0m: the following other types implement trait `Discriminator`:\u001b[0m\n\u001b[0m              AssetConfigUpdated\u001b[0m\n\u001b[0m              AssetRegistered\u001b[0m\n\u001b[0m              AssetVault\u001b[0m\n\u001b[0m              AuditMetadata\u001b[0m\n\u001b[0m              AuditMetadataAttached\u001b[0m\n\u001b[0m              AuthorityTransferCancelledV2\u001b[0m\n\u001b[0m              AuthorityTransferCompletedV2\u001b[0m\n\u001b[0m              AuthorityTransferInitiatedV2\u001b[0m\n\u001b[0m            and 24 others\u001b[0m\n\n"}
{"$message_type":"diagnostic","message":"no function or associated item named `create_type` found for struct `anchor_spl::token::TokenAccount` in the current scope","code":{"code":"E0599","explanation":"This error occurs when a method is used on a type which doesn't implement it:\n\nErroneous code example:\n\n```compile_fail,E0599\nstruct Mouth;\n\nlet x = Mouth;\nx.chocolate(); // error: no method named `chocolate` found for type `Mouth`\n               //        in the current scope\n```\n\nIn this case, you need to implement the `chocolate` method to fix the error:\n\n```\nstruct Mouth;\n\nimpl Mouth {\n    fn chocolate(&self) { // We implement the `chocolate` method here.\n        println!(\"Hmmm! I love chocolate!\");\n    }\n}\n\nlet x = Mouth;\nx.chocolate(); // ok!\n```\n"},"level":"error","spans":[{"file_name":"programs/psol-privacy-v2/src/instructions/private_transfer.rs","byte_start":1288,"byte_end":1296,"line_start":38,"line_end":38,"column_start":10,"column_end":18,"is_primary":true,"text":[{"text":"#[derive(Accounts)]","highlight_start":10,"highlight_end":18}],"label":"function or associated item not found in `TokenAccount`","suggested_replacement":null,"suggestion_applicability":null,"expansion":{"span":{"file_name":"programs/psol-privacy-v2/src/instructions/private_transfer.rs","byte_start":1288,"byte_end":1296,"line_start":38,"line_end":38,"column_start":10,"column_end":18,"is_primary":false,"text":[{"text":"#[derive(Accounts)]","highlight_start":10,"highlight_end":18}],"label":null,"suggested_replacement":null,"suggestion_applicability":null,"expansion":null},"macro_decl_name":"#[derive(Accounts)]","def_site_span":{"file_name":"/usr/local/cargo/registry/src/index.crates.io-6f17d22bba15001f/anchor-derive-accounts-0.30.1/src/lib.rs","byte_start":29061,"byte_end":29117,"line_start":631,"line_end":631,"column_start":1,"column_end":57,"is_primary":false,"text":[{"text":"pub fn derive_accounts(item: TokenStream) -> TokenStream {","highlight_start":1,"highlight_end":57}],"label":null,"suggested_replacement":null,"suggestion_applicability":null,"expansion":null}}}],"children":[],"rendered":"\u001b[0m\u001b[1m\u001b[38;5;9merror[E0599]\u001b[0m\u001b[0m\u001b[1m: no function or associated item named `create_type` found for struct `anchor_spl::token::TokenAccount` in the current scope\u001b[0m\n\u001b[0m  \u001b[0m\u001b[0m\u001b[1m\u001b[38;5;12m--> \u001b[0m\u001b[0mprograms/psol-privacy-v2/src/instructions/private_transfer.rs:38:10\u001b[0m\n\u001b[0m   \u001b[0m\u001b[0m\u001b[1m\u001b[38;5;12m|\u001b[0m\n\u001b[0m\u001b[1m\u001b[38;5;12m38\u001b[0m\u001b[0m \u001b[0m\u001b[0m\u001b[1m\u001b[38;5;12m|\u001b[0m\u001b[0m \u001b[0m\u001b[0m#[derive(Accounts)]\u001b[0m\n\u001b[0m   \u001b[0m\u001b[0m\u001b[1m\u001b[38;5;12m|\u001b[0m\u001b[0m          \u001b[0m\u001b[0m\u001b[1m\u001b[38;5;9m^^^^^^^^\u001b[0m\u001b[0m \u001b[0m\u001b[0m\u001b[1m\u001b[38;5;9mfunction or associated item not found in `TokenAccount`\u001b[0m\n\u001b[0m   \u001b[0m\u001b[0m\u001b[1m\u001b[38;5;12m|\u001b[0m\n\u001b[0m   \u001b[0m\u001b[0m\u001b[1m\u001b[38;5;12m= \u001b[0m\u001b[0m\u001b[1mnote\u001b[0m\u001b[0m: this error originates in the derive macro `Accounts` (in Nightly builds, run with -Z macro-backtrace for more info)\u001b[0m\n\n"}
{"$message_type":"diagnostic","message":"the trait bound `anchor_spl::token::TokenAccount: Discriminator` is not satisfied","code":{"code":"E0277","explanation":"You tried to use a type which doesn't implement some trait in a place which\nexpected that trait.\n\nErroneous code example:\n\n```compile_fail,E0277\n// here we declare the Foo trait with a bar method\ntrait Foo {\n    fn bar(&self);\n}\n\n// we now declare a function which takes an object implementing the Foo trait\nfn some_func<T: Foo>(foo: T) {\n    foo.bar();\n}\n\nfn main() {\n    // we now call the method with the i32 type, which doesn't implement\n    // the Foo trait\n    some_func(5i32); // error: the trait bound `i32 : Foo` is not satisfied\n}\n```\n\nIn order to fix this error, verify that the type you're using does implement\nthe trait. Example:\n\n```\ntrait Foo {\n    fn bar(&self);\n}\n\n// we implement the trait on the i32 type\nimpl Foo for i32 {\n    fn bar(&self) {}\n}\n\nfn some_func<T: Foo>(foo: T) {\n    foo.bar(); // we can now use this method since i32 implements the\n               // Foo trait\n}\n\nfn main() {\n    some_func(5i32); // ok!\n}\n```\n\nOr in a generic context, an erroneous code example would look like:\n\n```compile_fail,E0277\nfn some_func<T>(foo: T) {\n    println!(\"{:?}\", foo); // error: the trait `core::fmt::Debug` is not\n                           //        implemented for the type `T`\n}\n\nfn main() {\n    // We now call the method with the i32 type,\n    // which *does* implement the Debug trait.\n    some_func(5i32);\n}\n```\n\nNote that the error here is in the definition of the generic function. Although\nwe only call it with a parameter that does implement `Debug`, the compiler\nstill rejects the function. It must work with all possible input types. In\norder to make this example compile, we need to restrict the generic type we're\naccepting:\n\n```\nuse std::fmt;\n\n// Restrict the input type to types that implement Debug.\nfn some_func<T: fmt::Debug>(foo: T) {\n    println!(\"{:?}\", foo);\n}\n\nfn main() {\n    // Calling the method is still fine, as i32 implements Debug.\n    some_func(5i32);\n\n    // This would fail to compile now:\n    // struct WithoutDebug;\n    // some_func(WithoutDebug);\n}\n```\n\nRust only looks at the signature of the called function, as such it must\nalready specify all requirements that will be used for every type parameter.\n"},"level":"error","spans":[{"file_name":"programs/psol-privacy-v2/src/instructions/private_transfer.rs","byte_start":2975,"byte_end":2987,"line_start":94,"line_end":94,"column_start":45,"column_end":57,"is_primary":true,"text":[{"text":"    pub vault_token_account: Account<'info, TokenAccount>,","highlight_start":45,"highlight_end":57}],"label":"the trait `Discriminator` is not implemented for `anchor_spl::token::TokenAccount`","suggested_replacement":null,"suggestion_applicability":null,"expansion":null}],"children":[{"message":"the following other types implement trait `Discriminator`:\n  AssetConfigUpdated\n  AssetRegistered\n  AssetVault\n  AuditMetadata\n  AuditMetadataAttached\n  AuthorityTransferCancelledV2\n  AuthorityTransferCompletedV2\n  AuthorityTransferInitiatedV2\nand 24 others","code":null,"level":"help","spans":[],"children":[],"rendered":null}],"rendered":"\u001b[0m\u001b[1m\u001b[38;5;9merror[E0277]\u001b[0m\u001b[0m\u001b[1m: the trait bound `anchor_spl::token::TokenAccount: Discriminator` is not satisfied\u001b[0m\n\u001b[0m  \u001b[0m\u001b[0m\u001b[1m\u001b[38;5;12m--> \u001b[0m\u001b[0mprograms/psol-privacy-v2/src/instructions/private_transfer.rs:94:45\u001b[0m\n\u001b[0m   \u001b[0m\u001b[0m\u001b[1m\u001b[38;5;12m|\u001b[0m\n\u001b[0m\u001b[1m\u001b[38;5;12m94\u001b[0m\u001b[0m \u001b[0m\u001b[0m\u001b[1m\u001b[38;5;12m|\u001b[0m\u001b[0m \u001b[0m\u001b[0m    pub vault_token_account: Account<'info, TokenAccount>,\u001b[0m\n\u001b[0m   \u001b[0m\u001b[0m\u001b[1m\u001b[38;5;12m|\u001b[0m\u001b[0m                                             \u001b[0m\u001b[0m\u001b[1m\u001b[38;5;9m^^^^^^^^^^^^\u001b[0m\u001b[0m \u001b[0m\u001b[0m\u001b[1m\u001b[38;5;9mthe trait `Discriminator` is not implemented for `anchor_spl::token::TokenAccount`\u001b[0m\n\u001b[0m   \u001b[0m\u001b[0m\u001b[1m\u001b[38;5;12m|\u001b[0m\n\u001b[0m   \u001b[0m\u001b[0m\u001b[1m\u001b[38;5;12m= \u001b[0m\u001b[0m\u001b[1mhelp\u001b[0m\u001b[0m: the following other types implement trait `Discriminator`:\u001b[0m\n\u001b[0m             AssetConfigUpdated\u001b[0m\n\u001b[0m             AssetRegistered\u001b[0m\n\u001b[0m             AssetVault\u001b[0m\n\u001b[0m             AuditMetadata\u001b[0m\n\u001b[0m             AuditMetadataAttached\u001b[0m\n\u001b[0m             AuthorityTransferCancelledV2\u001b[0m\n\u001b[0m             AuthorityTransferCompletedV2\u001b[0m\n\u001b[0m             AuthorityTransferInitiatedV2\u001b[0m\n\u001b[0m           and 24 others\u001b[0m\n\n"}
{"$message_type":"diagnostic","message":"no function or associated item named `insert_types` found for struct `anchor_spl::token::TokenAccount` in the current scope","code":{"code":"E0599","explanation":"This error occurs when a method is used on a type which doesn't implement it:\n\nErroneous code example:\n\n```compile_fail,E0599\nstruct Mouth;\n\nlet x = Mouth;\nx.chocolate(); // error: no method named `chocolate` found for type `Mouth`\n               //        in the current scope\n```\n\nIn this case, you need to implement the `chocolate` method to fix the error:\n\n```\nstruct Mouth;\n\nimpl Mouth {\n    fn chocolate(&self) { // We implement the `chocolate` method here.\n        println!(\"Hmmm! I love chocolate!\");\n    }\n}\n\nlet x = Mouth;\nx.chocolate(); // ok!\n```\n"},"level":"error","spans":[{"file_name":"programs/psol-privacy-v2/src/instructions/private_transfer.rs","byte_start":1288,"byte_end":1296,"line_start":38,"line_end":38,"column_start":10,"column_end":18,"is_primary":true,"text":[{"text":"#[derive(Accounts)]","highlight_start":10,"highlight_end":18}],"label":"function or associated item not found in `TokenAccount`","suggested_replacement":null,"suggestion_applicability":null,"expansion":{"span":{"file_name":"programs/psol-privacy-v2/src/instructions/private_transfer.rs","byte_start":1288,"byte_end":1296,"line_start":38,"line_end":38,"column_start":10,"column_end":18,"is_primary":false,"text":[{"text":"#[derive(Accounts)]","highlight_start":10,"highlight_end":18}],"label":null,"suggested_replacement":null,"suggestion_applicability":null,"expansion":null},"macro_decl_name":"#[derive(Accounts)]","def_site_span":{"file_name":"/usr/local/cargo/registry/src/index.crates.io-6f17d22bba15001f/anchor-derive-accounts-0.30.1/src/lib.rs","byte_start":29061,"byte_end":29117,"line_start":631,"line_end":631,"column_start":1,"column_end":57,"is_primary":false,"text":[{"text":"pub fn derive_accounts(item: TokenStream) -> TokenStream {","highlight_start":1,"highlight_end":57}],"label":null,"suggested_replacement":null,"suggestion_applicability":null,"expansion":null}}}],"children":[],"rendered":"\u001b[0m\u001b[1m\u001b[38;5;9merror[E0599]\u001b[0m\u001b[0m\u001b[1m: no function or associated item named `insert_types` found for struct `anchor_spl::token::TokenAccount` in the current scope\u001b[0m\n\u001b[0m  \u001b[0m\u001b[0m\u001b[1m\u001b[38;5;12m--> \u001b[0m\u001b[0mprograms/psol-privacy-v2/src/instructions/private_transfer.rs:38:10\u001b[0m\n\u001b[0m   \u001b[0m\u001b[0m\u001b[1m\u001b[38;5;12m|\u001b[0m\n\u001b[0m\u001b[1m\u001b[38;5;12m38\u001b[0m\u001b[0m \u001b[0m\u001b[0m\u001b[1m\u001b[38;5;12m|\u001b[0m\u001b[0m \u001b[0m\u001b[0m#[derive(Accounts)]\u001b[0m\n\u001b[0m   \u001b[0m\u001b[0m\u001b[1m\u001b[38;5;12m|\u001b[0m\u001b[0m          \u001b[0m\u001b[0m\u001b[1m\u001b[38;5;9m^^^^^^^^\u001b[0m\u001b[0m \u001b[0m\u001b[0m\u001b[1m\u001b[38;5;9mfunction or associated item not found in `TokenAccount`\u001b[0m\n\u001b[0m   \u001b[0m\u001b[0m\u001b[1m\u001b[38;5;12m|\u001b[0m\n\u001b[0m   \u001b[0m\u001b[0m\u001b[1m\u001b[38;5;12m= \u001b[0m\u001b[0m\u001b[1mnote\u001b[0m\u001b[0m: this error originates in the derive macro `Accounts` (in Nightly builds, run with -Z macro-backtrace for more info)\u001b[0m\n\n"}
{"$message_type":"diagnostic","message":"the trait bound `anchor_spl::token::TokenAccount: Discriminator` is not satisfied","code":{"code":"E0277","explanation":"You tried to use a type which doesn't implement some trait in a place which\nexpected that trait.\n\nErroneous code example:\n\n```compile_fail,E0277\n// here we declare the Foo trait with a bar method\ntrait Foo {\n    fn bar(&self);\n}\n\n// we now declare a function which takes an object implementing the Foo trait\nfn some_func<T: Foo>(foo: T) {\n    foo.bar();\n}\n\nfn main() {\n    // we now call the method with the i32 type, which doesn't implement\n    // the Foo trait\n    some_func(5i32); // error: the trait bound `i32 : Foo` is not satisfied\n}\n```\n\nIn order to fix this error, verify that the type you're using does implement\nthe trait. Example:\n\n```\ntrait Foo {\n    fn bar(&self);\n}\n\n// we implement the trait on the i32 type\nimpl Foo for i32 {\n    fn bar(&self) {}\n}\n\nfn some_func<T: Foo>(foo: T) {\n    foo.bar(); // we can now use this method since i32 implements the\n               // Foo trait\n}\n\nfn main() {\n    some_func(5i32); // ok!\n}\n```\n\nOr in a generic context, an erroneous code example would look like:\n\n```compile_fail,E0277\nfn some_func<T>(foo: T) {\n    println!(\"{:?}\", foo); // error: the trait `core::fmt::Debug` is not\n                           //        implemented for the type `T`\n}\n\nfn main() {\n    // We now call the method with the i32 type,\n    // which *does* implement the Debug trait.\n    some_func(5i32);\n}\n```\n\nNote that the error here is in the definition of the generic function. Although\nwe only call it with a parameter that does implement `Debug`, the compiler\nstill rejects the function. It must work with all possible input types. In\norder to make this example compile, we need to restrict the generic type we're\naccepting:\n\n```\nuse std::fmt;\n\n// Restrict the input type to types that implement Debug.\nfn some_func<T: fmt::Debug>(foo: T) {\n    println!(\"{:?}\", foo);\n}\n\nfn main() {\n    // Calling the method is still fine, as i32 implements Debug.\n    some_func(5i32);\n\n    // This would fail to compile now:\n    // struct WithoutDebug;\n    // some_func(WithoutDebug);\n}\n```\n\nRust only looks at the signature of the called function, as such it must\nalready specify all requirements that will be used for every type parameter.\n"},"level":"error","spans":[{"file_name":"programs/psol-privacy-v2/src/instructions/private_transfer.rs","byte_start":3211,"byte_end":3223,"line_start":101,"line_end":101,"column_start":47,"column_end":59,"is_primary":true,"text":[{"text":"    pub relayer_token_account: Account<'info, TokenAccount>,","highlight_start":47,"highlight_end":59}],"label":"the trait `Discriminator` is not implemented for `anchor_spl::token::TokenAccount`","suggested_replacement":null,"suggestion_applicability":null,"expansion":null}],"children":[{"message":"the following other types implement trait `Discriminator`:\n  AssetConfigUpdated\n  AssetRegistered\n  AssetVault\n  AuditMetadata\n  AuditMetadataAttached\n  AuthorityTransferCancelledV2\n  AuthorityTransferCompletedV2\n  AuthorityTransferInitiatedV2\nand 24 others","code":null,"level":"help","spans":[],"children":[],"rendered":null}],"rendered":"\u001b[0m\u001b[1m\u001b[38;5;9merror[E0277]\u001b[0m\u001b[0m\u001b[1m: the trait bound `anchor_spl::token::TokenAccount: Discriminator` is not satisfied\u001b[0m\n\u001b[0m   \u001b[0m\u001b[0m\u001b[1m\u001b[38;5;12m--> \u001b[0m\u001b[0mprograms/psol-privacy-v2/src/instructions/private_transfer.rs:101:47\u001b[0m\n\u001b[0m    \u001b[0m\u001b[0m\u001b[1m\u001b[38;5;12m|\u001b[0m\n\u001b[0m\u001b[1m\u001b[38;5;12m101\u001b[0m\u001b[0m \u001b[0m\u001b[0m\u001b[1m\u001b[38;5;12m|\u001b[0m\u001b[0m \u001b[0m\u001b[0m    pub relayer_token_account: Account<'info, TokenAccount>,\u001b[0m\n\u001b[0m    \u001b[0m\u001b[0m\u001b[1m\u001b[38;5;12m|\u001b[0m\u001b[0m                                               \u001b[0m\u001b[0m\u001b[1m\u001b[38;5;9m^^^^^^^^^^^^\u001b[0m\u001b[0m \u001b[0m\u001b[0m\u001b[1m\u001b[38;5;9mthe trait `Discriminator` is not implemented for `anchor_spl::token::TokenAccount`\u001b[0m\n\u001b[0m    \u001b[0m\u001b[0m\u001b[1m\u001b[38;5;12m|\u001b[0m\n\u001b[0m    \u001b[0m\u001b[0m\u001b[1m\u001b[38;5;12m= \u001b[0m\u001b[0m\u001b[1mhelp\u001b[0m\u001b[0m: the following other types implement trait `Discriminator`:\u001b[0m\n\u001b[0m              AssetConfigUpdated\u001b[0m\n\u001b[0m              AssetRegistered\u001b[0m\n\u001b[0m              AssetVault\u001b[0m\n\u001b[0m              AuditMetadata\u001b[0m\n\u001b[0m              AuditMetadataAttached\u001b[0m\n\u001b[0m              AuthorityTransferCancelledV2\u001b[0m\n\u001b[0m              AuthorityTransferCompletedV2\u001b[0m\n\u001b[0m              AuthorityTransferInitiatedV2\u001b[0m\n\u001b[0m            and 24 others\u001b[0m\n\n"}
{"$message_type":"diagnostic","message":"unreachable statement","code":{"code":"unreachable_code","explanation":null},"level":"warning","spans":[{"file_name":"programs/psol-privacy-v2/src/instructions/shielded_cpi/execute_action.rs","byte_start":3829,"byte_end":4194,"line_start":111,"line_end":119,"column_start":5,"column_end":7,"is_primary":true,"text":[{"text":"    emit!(ShieldedActionExecuted {","highlight_start":5,"highlight_end":35},{"text":"        pool: ctx.accounts.pool_config.key(),","highlight_start":1,"highlight_end":46},{"text":"        action_type: action_type as u8,","highlight_start":1,"highlight_end":40},{"text":"        nullifier_hash: [0u8; 32], // Would come from proof","highlight_start":1,"highlight_end":60},{"text":"        output_commitment: [0u8; 32], // Would be computed","highlight_start":1,"highlight_end":59},{"text":"        target_program: ctx.accounts.target_program.key(),","highlight_start":1,"highlight_end":59},{"text":"        relayer: ctx.accounts.relayer.key(),","highlight_start":1,"highlight_end":45},{"text":"        timestamp,","highlight_start":1,"highlight_end":19},{"text":"    });","highlight_start":1,"highlight_end":7}],"label":"unreachable statement","suggested_replacement":null,"suggestion_applicability":null,"expansion":{"span":{"file_name":"programs/psol-privacy-v2/src/instructions/shielded_cpi/execute_action.rs","byte_start":3829,"byte_end":4194,"line_start":111,"line_end":119,"column_start":5,"column_end":7,"is_primary":false,"text":[{"text":"    emit!(ShieldedActionExecuted {","highlight_start":5,"highlight_end":35},{"text":"        pool: ctx.accounts.pool_config.key(),","highlight_start":1,"highlight_end":46},{"text":"        action_type: action_type as u8,","highlight_start":1,"highlight_end":40},{"text":"        nullifier_hash: [0u8; 32], // Would come from proof","highlight_start":1,"highlight_end":60},{"text":"        output_commitment: [0u8; 32], // Would be computed","highlight_start":1,"highlight_end":59},{"text":"        target_program: ctx.accounts.target_program.key(),","highlight_start":1,"highlight_end":59},{"text":"        relayer: ctx.accounts.relayer.key(),","highlight_start":1,"highlight_end":45},{"text":"        timestamp,","highlight_start":1,"highlight_end":19},{"text":"    });","highlight_start":1,"highlight_end":7}],"label":null,"suggested_replacement":null,"suggestion_applicability":null,"expansion":null},"macro_decl_name":"emit!","def_site_span":{"file_name":"/usr/local/cargo/registry/src/index.crates.io-6f17d22bba15001f/anchor-attribute-event-0.30.1/src/lib.rs","byte_start":2933,"byte_end":3003,"line_start":95,"line_end":95,"column_start":1,"column_end":71,"is_primary":false,"text":[{"text":"pub fn emit(input: proc_macro::TokenStream) -> proc_macro::TokenStream {","highlight_start":1,"highlight_end":71}],"label":null,"suggested_replacement":null,"suggestion_applicability":null,"expansion":null}}},{"file_name":"programs/psol-privacy-v2/src/instructions/shielded_cpi/execute_action.rs","byte_start":2114,"byte_end":3489,"line_start":70,"line_end":101,"column_start":5,"column_end":6,"is_primary":false,"text":[{"text":"    match action_type {","highlight_start":5,"highlight_end":24},{"text":"        ShieldedActionType::DexSwap => {","highlight_start":1,"highlight_end":41},{"text":"            // TODO: Implement DEX swap integration","highlight_start":1,"highlight_end":52},{"text":"            msg!(\"Shielded DEX swap not yet implemented\");","highlight_start":1,"highlight_end":59},{"text":"            return Err(error!(PrivacyErrorV2::NotImplemented));","highlight_start":1,"highlight_end":64},{"text":"        }","highlight_start":1,"highlight_end":10},{"text":"        ShieldedActionType::LendingDeposit => {","highlight_start":1,"highlight_end":48},{"text":"            // TODO: Implement lending deposit","highlight_start":1,"highlight_end":47},{"text":"            msg!(\"Shielded lending deposit not yet implemented\");","highlight_start":1,"highlight_end":66},{"text":"            return Err(error!(PrivacyErrorV2::NotImplemented));","highlight_start":1,"highlight_end":64},{"text":"        }","highlight_start":1,"highlight_end":10},{"text":"        ShieldedActionType::LendingBorrow => {","highlight_start":1,"highlight_end":47},{"text":"            // TODO: Implement lending borrow","highlight_start":1,"highlight_end":46},{"text":"            msg!(\"Shielded lending borrow not yet implemented\");","highlight_start":1,"highlight_end":65},{"text":"            return Err(error!(PrivacyErrorV2::NotImplemented));","highlight_start":1,"highlight_end":64},{"text":"        }","highlight_start":1,"highlight_end":10},{"text":"        ShieldedActionType::Stake => {","highlight_start":1,"highlight_end":39},{"text":"            // TODO: Implement staking","highlight_start":1,"highlight_end":39},{"text":"            msg!(\"Shielded staking not yet implemented\");","highlight_start":1,"highlight_end":58},{"text":"            return Err(error!(PrivacyErrorV2::NotImplemented));","highlight_start":1,"highlight_end":64},{"text":"        }","highlight_start":1,"highlight_end":10},{"text":"        ShieldedActionType::Unstake => {","highlight_start":1,"highlight_end":41},{"text":"            // TODO: Implement unstaking","highlight_start":1,"highlight_end":41},{"text":"            msg!(\"Shielded unstaking not yet implemented\");","highlight_start":1,"highlight_end":60},{"text":"            return Err(error!(PrivacyErrorV2::NotImplemented));","highlight_start":1,"highlight_end":64},{"text":"        }","highlight_start":1,"highlight_end":10},{"text":"        ShieldedActionType::Custom => {","highlight_start":1,"highlight_end":40},{"text":"            // TODO: Implement custom action parsing","highlight_start":1,"highlight_end":53},{"text":"            msg!(\"Custom shielded action not yet implemented\");","highlight_start":1,"highlight_end":64},{"text":"            return Err(error!(PrivacyErrorV2::NotImplemented));","highlight_start":1,"highlight_end":64},{"text":"        }","highlight_start":1,"highlight_end":10},{"text":"    }","highlight_start":1,"highlight_end":6}],"label":"any code following this `match` expression is unreachable, as all arms diverge","suggested_replacement":null,"suggestion_applicability":null,"expansion":null}],"children":[{"message":"`#[warn(unreachable_code)]` on by default","code":null,"level":"note","spans":[],"children":[],"rendered":null}],"rendered":"\u001b[0m\u001b[1m\u001b[33mwarning\u001b[0m\u001b[0m\u001b[1m: unreachable statement\u001b[0m\n\u001b[0m   \u001b[0m\u001b[0m\u001b[1m\u001b[38;5;12m--> \u001b[0m\u001b[0mprograms/psol-privacy-v2/src/instructions/shielded_cpi/execute_action.rs:111:5\u001b[0m\n\u001b[0m    \u001b[0m\u001b[0m\u001b[1m\u001b[38;5;12m|\u001b[0m\n\u001b[0m\u001b[1m\u001b[38;5;12m70\u001b[0m\u001b[0m  \u001b[0m\u001b[0m\u001b[1m\u001b[38;5;12m|\u001b[0m\u001b[0m \u001b[0m\u001b[0m\u001b[1m\u001b[38;5;12m/\u001b[0m\u001b[0m \u001b[0m\u001b[0m    match action_type {\u001b[0m\n\u001b[0m\u001b[1m\u001b[38;5;12m71\u001b[0m\u001b[0m  \u001b[0m\u001b[0m\u001b[1m\u001b[38;5;12m|\u001b[0m\u001b[0m \u001b[0m\u001b[0m\u001b[1m\u001b[38;5;12m|\u001b[0m\u001b[0m \u001b[0m\u001b[0m        ShieldedActionType::DexSwap => {\u001b[0m\n\u001b[0m\u001b[1m\u001b[38;5;12m72\u001b[0m\u001b[0m  \u001b[0m\u001b[0m\u001b[1m\u001b[38;5;12m|\u001b[0m\u001b[0m \u001b[0m\u001b[0m\u001b[1m\u001b[38;5;12m|\u001b[0m\u001b[0m \u001b[0m\u001b[0m            // TODO: Implement DEX swap integration\u001b[0m\n\u001b[0m\u001b[1m\u001b[38;5;12m73\u001b[0m\u001b[0m  \u001b[0m\u001b[0m\u001b[1m\u001b[38;5;12m|\u001b[0m\u001b[0m \u001b[0m\u001b[0m\u001b[1m\u001b[38;5;12m|\u001b[0m\u001b[0m \u001b[0m\u001b[0m            msg!(\"Shielded DEX swap not yet implemented\");\u001b[0m\n\u001b[0m\u001b[1m\u001b[38;5;12m...\u001b[0m\u001b[0m   \u001b[0m\u001b[0m\u001b[1m\u001b[38;5;12m|\u001b[0m\n\u001b[0m\u001b[1m\u001b[38;5;12m100\u001b[0m\u001b[0m \u001b[0m\u001b[0m\u001b[1m\u001b[38;5;12m|\u001b[0m\u001b[0m \u001b[0m\u001b[0m\u001b[1m\u001b[38;5;12m|\u001b[0m\u001b[0m \u001b[0m\u001b[0m        }\u001b[0m\n\u001b[0m\u001b[1m\u001b[38;5;12m101\u001b[0m\u001b[0m \u001b[0m\u001b[0m\u001b[1m\u001b[38;5;12m|\u001b[0m\u001b[0m \u001b[0m\u001b[0m\u001b[1m\u001b[38;5;12m|\u001b[0m\u001b[0m \u001b[0m\u001b[0m    }\u001b[0m\n\u001b[0m    \u001b[0m\u001b[0m\u001b[1m\u001b[38;5;12m|\u001b[0m\u001b[0m \u001b[0m\u001b[0m\u001b[1m\u001b[38;5;12m|_____-\u001b[0m\u001b[0m \u001b[0m\u001b[0m\u001b[1m\u001b[38;5;12many code following this `match` expression is unreachable, as all arms diverge\u001b[0m\n\u001b[0m\u001b[1m\u001b[38;5;12m...\u001b[0m\n\u001b[0m\u001b[1m\u001b[38;5;12m111\u001b[0m\u001b[0m \u001b[0m\u001b[0m\u001b[1m\u001b[38;5;12m|\u001b[0m\u001b[0m \u001b[0m\u001b[0m\u001b[1m\u001b[33m/\u001b[0m\u001b[0m \u001b[0m\u001b[0m    emit!(ShieldedActionExecuted {\u001b[0m\n\u001b[0m\u001b[1m\u001b[38;5;12m112\u001b[0m\u001b[0m \u001b[0m\u001b[0m\u001b[1m\u001b[38;5;12m|\u001b[0m\u001b[0m \u001b[0m\u001b[0m\u001b[1m\u001b[33m|\u001b[0m\u001b[0m \u001b[0m\u001b[0m        pool: ctx.accounts.pool_config.key(),\u001b[0m\n\u001b[0m\u001b[1m\u001b[38;5;12m113\u001b[0m\u001b[0m \u001b[0m\u001b[0m\u001b[1m\u001b[38;5;12m|\u001b[0m\u001b[0m \u001b[0m\u001b[0m\u001b[1m\u001b[33m|\u001b[0m\u001b[0m \u001b[0m\u001b[0m        action_type: action_type as u8,\u001b[0m\n\u001b[0m\u001b[1m\u001b[38;5;12m114\u001b[0m\u001b[0m \u001b[0m\u001b[0m\u001b[1m\u001b[38;5;12m|\u001b[0m\u001b[0m \u001b[0m\u001b[0m\u001b[1m\u001b[33m|\u001b[0m\u001b[0m \u001b[0m\u001b[0m        nullifier_hash: [0u8; 32], // Would come from proof\u001b[0m\n\u001b[0m\u001b[1m\u001b[38;5;12m...\u001b[0m\u001b[0m   \u001b[0m\u001b[0m\u001b[1m\u001b[33m|\u001b[0m\n\u001b[0m\u001b[1m\u001b[38;5;12m118\u001b[0m\u001b[0m \u001b[0m\u001b[0m\u001b[1m\u001b[38;5;12m|\u001b[0m\u001b[0m \u001b[0m\u001b[0m\u001b[1m\u001b[33m|\u001b[0m\u001b[0m \u001b[0m\u001b[0m        timestamp,\u001b[0m\n\u001b[0m\u001b[1m\u001b[38;5;12m119\u001b[0m\u001b[0m \u001b[0m\u001b[0m\u001b[1m\u001b[38;5;12m|\u001b[0m\u001b[0m \u001b[0m\u001b[0m\u001b[1m\u001b[33m|\u001b[0m\u001b[0m \u001b[0m\u001b[0m    });\u001b[0m\n\u001b[0m    \u001b[0m\u001b[0m\u001b[1m\u001b[38;5;12m|\u001b[0m\u001b[0m \u001b[0m\u001b[0m\u001b[1m\u001b[33m|______^\u001b[0m\u001b[0m \u001b[0m\u001b[0m\u001b[1m\u001b[33munreachable statement\u001b[0m\n\u001b[0m    \u001b[0m\u001b[0m\u001b[1m\u001b[38;5;12m|\u001b[0m\n\u001b[0m    \u001b[0m\u001b[0m\u001b[1m\u001b[38;5;12m= \u001b[0m\u001b[0m\u001b[1mnote\u001b[0m\u001b[0m: `#[warn(unreachable_code)]` on by default\u001b[0m\n\u001b[0m    \u001b[0m\u001b[0m\u001b[1m\u001b[38;5;12m= \u001b[0m\u001b[0m\u001b[1mnote\u001b[0m\u001b[0m: this warning originates in the macro `emit` (in Nightly builds, run with -Z macro-backtrace for more info)\u001b[0m\n\n"}
{"$message_type":"diagnostic","message":"unused variable: `timestamp`","code":{"code":"unused_variables","explanation":null},"level":"warning","spans":[{"file_name":"programs/psol-privacy-v2/src/instructions/shielded_cpi/execute_action.rs","byte_start":2034,"byte_end":2043,"line_start":67,"line_end":67,"column_start":9,"column_end":18,"is_primary":true,"text":[{"text":"    let timestamp = clock.unix_timestamp;","highlight_start":9,"highlight_end":18}],"label":null,"suggested_replacement":null,"suggestion_applicability":null,"expansion":null}],"children":[{"message":"`#[warn(unused_variables)]` on by default","code":null,"level":"note","spans":[],"children":[],"rendered":null},{"message":"if this is intentional, prefix it with an underscore","code":null,"level":"help","spans":[{"file_name":"programs/psol-privacy-v2/src/instructions/shielded_cpi/execute_action.rs","byte_start":2034,"byte_end":2043,"line_start":67,"line_end":67,"column_start":9,"column_end":18,"is_primary":true,"text":[{"text":"    let timestamp = clock.unix_timestamp;","highlight_start":9,"highlight_end":18}],"label":null,"suggested_replacement":"_timestamp","suggestion_applicability":"MaybeIncorrect","expansion":null}],"children":[],"rendered":null}],"rendered":"\u001b[0m\u001b[1m\u001b[33mwarning\u001b[0m\u001b[0m\u001b[1m: unused variable: `timestamp`\u001b[0m\n\u001b[0m  \u001b[0m\u001b[0m\u001b[1m\u001b[38;5;12m--> \u001b[0m\u001b[0mprograms/psol-privacy-v2/src/instructions/shielded_cpi/execute_action.rs:67:9\u001b[0m\n\u001b[0m   \u001b[0m\u001b[0m\u001b[1m\u001b[38;5;12m|\u001b[0m\n\u001b[0m\u001b[1m\u001b[38;5;12m67\u001b[0m\u001b[0m \u001b[0m\u001b[0m\u001b[1m\u001b[38;5;12m|\u001b[0m\u001b[0m \u001b[0m\u001b[0m    let timestamp = clock.unix_timestamp;\u001b[0m\n\u001b[0m   \u001b[0m\u001b[0m\u001b[1m\u001b[38;5;12m|\u001b[0m\u001b[0m         \u001b[0m\u001b[0m\u001b[1m\u001b[33m^^^^^^^^^\u001b[0m\u001b[0m \u001b[0m\u001b[0m\u001b[1m\u001b[33mhelp: if this is intentional, prefix it with an underscore: `_timestamp`\u001b[0m\n\u001b[0m   \u001b[0m\u001b[0m\u001b[1m\u001b[38;5;12m|\u001b[0m\n\u001b[0m   \u001b[0m\u001b[0m\u001b[1m\u001b[38;5;12m= \u001b[0m\u001b[0m\u001b[1mnote\u001b[0m\u001b[0m: `#[warn(unused_variables)]` on by default\u001b[0m\n\n"}
{"$message_type":"diagnostic","message":"unused variable: `proof_data`","code":{"code":"unused_variables","explanation":null},"level":"warning","spans":[{"file_name":"programs/psol-privacy-v2/src/instructions/shielded_cpi/execute_action.rs","byte_start":1830,"byte_end":1840,"line_start":60,"line_end":60,"column_start":5,"column_end":15,"is_primary":true,"text":[{"text":"    proof_data: Vec<u8>,","highlight_start":5,"highlight_end":15}],"label":null,"suggested_replacement":null,"suggestion_applicability":null,"expansion":null}],"children":[{"message":"if this is intentional, prefix it with an underscore","code":null,"level":"help","spans":[{"file_name":"programs/psol-privacy-v2/src/instructions/shielded_cpi/execute_action.rs","byte_start":1830,"byte_end":1840,"line_start":60,"line_end":60,"column_start":5,"column_end":15,"is_primary":true,"text":[{"text":"    proof_data: Vec<u8>,","highlight_start":5,"highlight_end":15}],"label":null,"suggested_replacement":"_proof_data","suggestion_applicability":"MaybeIncorrect","expansion":null}],"children":[],"rendered":null}],"rendered":"\u001b[0m\u001b[1m\u001b[33mwarning\u001b[0m\u001b[0m\u001b[1m: unused variable: `proof_data`\u001b[0m\n\u001b[0m  \u001b[0m\u001b[0m\u001b[1m\u001b[38;5;12m--> \u001b[0m\u001b[0mprograms/psol-privacy-v2/src/instructions/shielded_cpi/execute_action.rs:60:5\u001b[0m\n\u001b[0m   \u001b[0m\u001b[0m\u001b[1m\u001b[38;5;12m|\u001b[0m\n\u001b[0m\u001b[1m\u001b[38;5;12m60\u001b[0m\u001b[0m \u001b[0m\u001b[0m\u001b[1m\u001b[38;5;12m|\u001b[0m\u001b[0m \u001b[0m\u001b[0m    proof_data: Vec<u8>,\u001b[0m\n\u001b[0m   \u001b[0m\u001b[0m\u001b[1m\u001b[38;5;12m|\u001b[0m\u001b[0m     \u001b[0m\u001b[0m\u001b[1m\u001b[33m^^^^^^^^^^\u001b[0m\u001b[0m \u001b[0m\u001b[0m\u001b[1m\u001b[33mhelp: if this is intentional, prefix it with an underscore: `_proof_data`\u001b[0m\n\n"}
{"$message_type":"diagnostic","message":"unused variable: `action_data`","code":{"code":"unused_variables","explanation":null},"level":"warning","spans":[{"file_name":"programs/psol-privacy-v2/src/instructions/shielded_cpi/execute_action.rs","byte_start":1855,"byte_end":1866,"line_start":61,"line_end":61,"column_start":5,"column_end":16,"is_primary":true,"text":[{"text":"    action_data: Vec<u8>,","highlight_start":5,"highlight_end":16}],"label":null,"suggested_replacement":null,"suggestion_applicability":null,"expansion":null}],"children":[{"message":"if this is intentional, prefix it with an underscore","code":null,"level":"help","spans":[{"file_name":"programs/psol-privacy-v2/src/instructions/shielded_cpi/execute_action.rs","byte_start":1855,"byte_end":1866,"line_start":61,"line_end":61,"column_start":5,"column_end":16,"is_primary":true,"text":[{"text":"    action_data: Vec<u8>,","highlight_start":5,"highlight_end":16}],"label":null,"suggested_replacement":"_action_data","suggestion_applicability":"MaybeIncorrect","expansion":null}],"children":[],"rendered":null}],"rendered":"\u001b[0m\u001b[1m\u001b[33mwarning\u001b[0m\u001b[0m\u001b[1m: unused variable: `action_data`\u001b[0m\n\u001b[0m  \u001b[0m\u001b[0m\u001b[1m\u001b[38;5;12m--> \u001b[0m\u001b[0mprograms/psol-privacy-v2/src/instructions/shielded_cpi/execute_action.rs:61:5\u001b[0m\n\u001b[0m   \u001b[0m\u001b[0m\u001b[1m\u001b[38;5;12m|\u001b[0m\n\u001b[0m\u001b[1m\u001b[38;5;12m61\u001b[0m\u001b[0m \u001b[0m\u001b[0m\u001b[1m\u001b[38;5;12m|\u001b[0m\u001b[0m \u001b[0m\u001b[0m    action_data: Vec<u8>,\u001b[0m\n\u001b[0m   \u001b[0m\u001b[0m\u001b[1m\u001b[38;5;12m|\u001b[0m\u001b[0m     \u001b[0m\u001b[0m\u001b[1m\u001b[33m^^^^^^^^^^^\u001b[0m\u001b[0m \u001b[0m\u001b[0m\u001b[1m\u001b[33mhelp: if this is intentional, prefix it with an underscore: `_action_data`\u001b[0m\n\n"}
{"$message_type":"diagnostic","message":"aborting due to 31 previous errors; 6 warnings emitted","code":null,"level":"error","spans":[],"children":[],"rendered":"\u001b[0m\u001b[1m\u001b[38;5;9merror\u001b[0m\u001b[0m\u001b[1m: aborting due to 31 previous errors; 6 warnings emitted\u001b[0m\n\n"}
{"$message_type":"diagnostic","message":"Some errors have detailed explanations: E0277, E0599.","code":null,"level":"failure-note","spans":[],"children":[],"rendered":"\u001b[0m\u001b[1mSome errors have detailed explanations: E0277, E0599.\u001b[0m\n"}
{"$message_type":"diagnostic","message":"For more information about an error, try `rustc --explain E0277`.","code":null,"level":"failure-note","spans":[],"children":[],"rendered":"\u001b[0m\u001b[1mFor more information about an error, try `rustc --explain E0277`.\u001b[0m\n"}
